{
    "EndTicks": 100000000,
    "MTU": 1500,
    "MaxSize": 256000,
    "LateDump": true,
    "LateDumpPackets": false,
    "Algorithm": "CNQ",
    "FlowDefs": [
        {
            "Description": "1200 byte packets at almost 1/3 interface rate",
            "Offset": 0,
            "Interval": 3700,
            "IntervalVariance": 1,
            "Burst": 1,
            "BurstVariance": 0,
            "Size": 1200,
            "SizeVariance": 99
        },
        {
            "Description": "Aggressive flow- 1500 byte packets at 3x interface rate",
            "Offset": 0,
            "Interval": 500,
            "IntervalVariance": 1,
            "Burst": 1,
            "BurstVariance": 0,
            "Size": 1500,
            "SizeVariance": 0
        },
        {
            "Description": "1500 byte packets exactly at interface rate",
            "Offset": 0,
            "Interval": 1500,
            "IntervalVariance": 1,
            "Burst": 1,
            "BurstVariance": 0,
            "Size": 1500,
            "SizeVariance": 0
        },
        {
            "Description": "Bursty flow- 1500 byte packets with 32 packet bursts at interface rate",
            "Offset": 0,
            "Interval": 48000,
            "IntervalVariance": 1,
            "Burst": 32,
            "BurstVariance": 0,
            "Size": 1500,
            "SizeVariance": 0
        },
        {
            "Description": "Smallish packets- 200 byte packets, burst 2 +/- 2, at interval 1000",
            "Offset": 0,
            "Interval": 10000,
            "IntervalVariance": 50,
            "Burst": 2,
            "BurstVariance": 2,
            "Size": 200,
            "SizeVariance": 50
        },
        {
            "Description": "Small packets- 50 byte packets at interval 750",
            "Offset": 0,
            "Interval": 750,
            "IntervalVariance": 1,
            "Burst": 1,
            "BurstVariance": 0,
            "Size": 50,
            "SizeVariance": 10
        },
        {
            "Description": "Sparse flow- 100 byte packets at interval 20000",
            "Offset": 0,
            "Interval": 20000,
            "IntervalVariance": 100,
            "Burst": 1,
            "BurstVariance": 0,
            "Size": 100,
            "SizeVariance": 0
        }
    ]
}
{
    "FlowStats": [
        {
            "BytesSent": 6691192,
            "Throughput": 66.91192,
            "MeanSojourn": 46682.136420750314,
            "MinSojourn": 45644,
            "MaxSojourn": 47447,
            "Enqueues": 27028,
            "Drops": 21457,
            "DropsPercent": 79.3880420304869,
            "SparseSends": 1,
            "BulkSends": 5570,
            "TotalSends": 5571,
            "LateSends": 0,
            "LateSendsPercent": 0
        },
        {
            "BytesSent": 68841000,
            "Throughput": 688.41,
            "MeanSojourn": 46649.47736087506,
            "MinSojourn": 1240,
            "MaxSojourn": 47573,
            "Enqueues": 200001,
            "Drops": 154107,
            "DropsPercent": 77.05311473442633,
            "SparseSends": 1,
            "BulkSends": 45893,
            "TotalSends": 45894,
            "LateSends": 0,
            "LateSendsPercent": 0
        },
        {
            "BytesSent": 19839000,
            "Throughput": 198.39,
            "MeanSojourn": 46670.37244820807,
            "MinSojourn": 2740,
            "MaxSojourn": 47642,
            "Enqueues": 66667,
            "Drops": 53441,
            "DropsPercent": 80.16109919450403,
            "SparseSends": 1,
            "BulkSends": 13225,
            "TotalSends": 13226,
            "LateSends": 0,
            "LateSendsPercent": 0
        },
        {
            "BytesSent": 2919000,
            "Throughput": 29.19,
            "MeanSojourn": 46804.16392600205,
            "MinSojourn": 4240,
            "MaxSojourn": 47999,
            "Enqueues": 66688,
            "Drops": 64742,
            "DropsPercent": 97.08193378119002,
            "SparseSends": 1,
            "BulkSends": 1945,
            "TotalSends": 1946,
            "LateSends": 0,
            "LateSendsPercent": 0
        },
        {
            "BytesSent": 475043,
            "Throughput": 4.75043,
            "MeanSojourn": 46581.1835016835,
            "MinSojourn": 50,
            "MaxSojourn": 47658,
            "Enqueues": 15214,
            "Drops": 12838,
            "DropsPercent": 84.38280531089785,
            "SparseSends": 10,
            "BulkSends": 2366,
            "TotalSends": 2376,
            "LateSends": 0,
            "LateSendsPercent": 0
        },
        {
            "BytesSent": 1136886,
            "Throughput": 11.36886,
            "MeanSojourn": 46815.84153318078,
            "MinSojourn": 5901,
            "MaxSojourn": 47908,
            "Enqueues": 133334,
            "Drops": 110610,
            "DropsPercent": 82.95708521457392,
            "SparseSends": 1,
            "BulkSends": 22723,
            "TotalSends": 22724,
            "LateSends": 0,
            "LateSendsPercent": 0
        },
        {
            "BytesSent": 99000,
            "Throughput": 0.99,
            "MeanSojourn": 46715.08383838384,
            "MinSojourn": 5954,
            "MaxSojourn": 47572,
            "Enqueues": 5000,
            "Drops": 4010,
            "DropsPercent": 80.2,
            "SparseSends": 1,
            "BulkSends": 989,
            "TotalSends": 990,
            "LateSends": 0,
            "LateSendsPercent": 0
        }
    ]
}
