{
    "EndTicks": 100000000,
    "MTU": 1500,
    "MaxSize": 128000,
    "LateDump": true,
    "LateDumpPackets": false,
    "Algorithm": "CNQ",
    "FlowDefs": [
        {
            "Description": "1500 byte packets at a little more then 1/3 interface rate",
            "Offset": 0,
            "Interval": 4400,
            "IntervalVariance": 1,
            "Burst": 1,
            "BurstVariance": 0,
            "Size": 1500,
            "SizeVariance": 0
        },
        {
            "Description": "500 byte packets at almost 1/3 interface rate",
            "Offset": 0,
            "Interval": 310,
            "IntervalVariance": 1,
            "Burst": 1,
            "BurstVariance": 0,
            "Size": 100,
            "SizeVariance": 0
        },
        {
            "Description": "Bursty flow- 1500 byte packets with 32 packet bursts at 1/3 interface rate",
            "Offset": 0,
            "Interval": 144000,
            "IntervalVariance": 1,
            "Burst": 32,
            "BurstVariance": 0,
            "Size": 1500,
            "SizeVariance": 0
        },
        {
            "Description": "Smallish packets- 200 byte packets, burst 2 +/- 2, at interval 10000",
            "Offset": 0,
            "Interval": 100000,
            "IntervalVariance": 50,
            "Burst": 2,
            "BurstVariance": 2,
            "Size": 200,
            "SizeVariance": 50
        },
        {
            "Description": "Small packets- 50 byte packets at interval 7500",
            "Offset": 0,
            "Interval": 100000,
            "IntervalVariance": 1,
            "Burst": 1,
            "BurstVariance": 0,
            "Size": 50,
            "SizeVariance": 10
        },
        {
            "Description": "Sparse flow- 100 byte packets at interval long enough for buffer to clear",
            "Offset": 0,
            "Interval": 129000,
            "IntervalVariance": 100,
            "Burst": 1,
            "BurstVariance": 0,
            "Size": 100,
            "SizeVariance": 0
        }
    ]
}
{
    "FlowStats": [
        {
            "BytesSent": 34042500,
            "Throughput": 340.425,
            "MeanSojourn": 79205.9178233091,
            "MinSojourn": 16,
            "MaxSojourn": 127812,
            "Enqueues": 22728,
            "Drops": 33,
            "DropsPercent": 0.14519535374868003,
            "SparseSends": 19,
            "BulkSends": 22676,
            "TotalSends": 22695,
            "LateSends": 0,
            "LateSendsPercent": 0
        },
        {
            "BytesSent": 32207300,
            "Throughput": 322.073,
            "MeanSojourn": 79901.6073312572,
            "MinSojourn": 1500,
            "MaxSojourn": 129220,
            "Enqueues": 322585,
            "Drops": 512,
            "DropsPercent": 0.15871785730892632,
            "SparseSends": 1,
            "BulkSends": 322072,
            "TotalSends": 322073,
            "LateSends": 0,
            "LateSendsPercent": 0
        },
        {
            "BytesSent": 33313500,
            "Throughput": 333.135,
            "MeanSojourn": 76621.13255887253,
            "MinSojourn": 1,
            "MaxSojourn": 127775,
            "Enqueues": 22240,
            "Drops": 31,
            "DropsPercent": 0.1393884892086331,
            "SparseSends": 695,
            "BulkSends": 21514,
            "TotalSends": 22209,
            "LateSends": 0,
            "LateSendsPercent": 0
        },
        {
            "BytesSent": 309301,
            "Throughput": 3.09301,
            "MeanSojourn": 51349.33615084525,
            "MinSojourn": 1,
            "MaxSojourn": 127715,
            "Enqueues": 1540,
            "Drops": 2,
            "DropsPercent": 0.12987012987012986,
            "SparseSends": 607,
            "BulkSends": 931,
            "TotalSends": 1538,
            "LateSends": 0,
            "LateSendsPercent": 0
        },
        {
            "BytesSent": 49867,
            "Throughput": 0.49867,
            "MeanSojourn": 30245.575575575574,
            "MinSojourn": 1,
            "MaxSojourn": 128315,
            "Enqueues": 1000,
            "Drops": 1,
            "DropsPercent": 0.1,
            "SparseSends": 703,
            "BulkSends": 296,
            "TotalSends": 999,
            "LateSends": 0,
            "LateSendsPercent": 0
        },
        {
            "BytesSent": 77600,
            "Throughput": 0.776,
            "MeanSojourn": 533.6353092783505,
            "MinSojourn": 1,
            "MaxSojourn": 3366,
            "Enqueues": 776,
            "Drops": 0,
            "DropsPercent": 0,
            "SparseSends": 776,
            "BulkSends": 0,
            "TotalSends": 776,
            "LateSends": 0,
            "LateSendsPercent": 0
        }
    ]
}
