{
    "EndTicks": 10000000,
    "DequeueInterval": 1000,
    "MTU": 1500,
    "FastPull": false,
    "MaxSize": 196000,
    "LateDump": true,
    "LateDumpPackets": false,
    "FlowDefs": [
        {
            "Description": "Small packets- 1 byte packets at dequeue interval",
            "Offset": 0,
            "Interval": 1000,
            "IntervalVariance": 0,
            "Burst": 1,
            "BurstVariance": 0,
            "Size": 1,
            "SizeVariance": 0
        },
        {
            "Description": "Sparse flow- 100 byte packets at 10x dequeue interval",
            "Offset": 0,
            "Interval": 10000,
            "IntervalVariance": 0,
            "Burst": 1,
            "BurstVariance": 0,
            "Size": 100,
            "SizeVariance": 0
        }
    ]
}
{
    "FlowStats": [
        {
            "BytesSent": 9894,
            "Throughput": 0.9894,
            "MeanSojourn": 58125.42955326461,
            "Enqueues": 10000,
            "Drops": 106,
            "DropsPercent": 1.06,
            "SparseSends": 1,
            "BulkSends": 9893,
            "TotalSends": 9894,
            "LateSends": 0,
            "LateSendsPercent": 0
        },
        {
            "BytesSent": 10600,
            "Throughput": 1.06,
            "MeanSojourn": 3996094.3396226414,
            "Enqueues": 1000,
            "Drops": 894,
            "DropsPercent": 89.4,
            "SparseSends": 16,
            "BulkSends": 90,
            "TotalSends": 106,
            "LateSends": 0,
            "LateSendsPercent": 0
        }
    ]
}
