{
    "EndTicks": 10000000,
    "DequeueInterval": 1000,
    "MTU": 1500,
    "FastPull": false,
    "MaxSize": 48000,
    "LateDump": true,
    "LateDumpPackets": false,
    "FlowDefs": [
        {
            "Description": "Smallish packets- 200 byte packets, burst 2 +/- 2, at just short of dequeue interval (causes re-ordering)",
            "Offset": 0,
            "Interval": 975,
            "IntervalVariance": 50,
            "Burst": 2,
            "BurstVariance": 2,
            "Size": 200,
            "SizeVariance": 50
        },
        {
            "Description": "Small packets- 50 byte packets at 3/4 dequeue interval (causes re-ordering)",
            "Offset": 0,
            "Interval": 750,
            "IntervalVariance": 0,
            "Burst": 1,
            "BurstVariance": 0,
            "Size": 50,
            "SizeVariance": 10
        }
    ]
}
LFQ state dump (reason: late send for packet &{Seqno:135 Timestamp:101250 Size:54 Hash:1}
):
  Bucket 0: backlog=211, deficit=1408, skip=true
  Bucket 1: backlog=113, deficit=1467, skip=false
  Queue state (Sparse), Length: 0, Size: 0, ScanIndex: 0
  Queue state (Bulk), Length: 324, Size: 47785, ScanIndex: 58
LFQ state dump (reason: late send for packet &{Seqno:141 Timestamp:105750 Size:50 Hash:1}
):
  Bucket 0: backlog=206, deficit=1311, skip=true
  Bucket 1: backlog=132, deficit=1485, skip=false
  Queue state (Sparse), Length: 0, Size: 0, ScanIndex: 0
  Queue state (Bulk), Length: 338, Size: 47852, ScanIndex: 3
LFQ state dump (reason: late send for packet &{Seqno:185 Timestamp:138750 Size:48 Hash:1}
):
  Bucket 0: backlog=200, deficit=1418, skip=true
  Bucket 1: backlog=151, deficit=1457, skip=false
  Queue state (Sparse), Length: 0, Size: 0, ScanIndex: 0
  Queue state (Bulk), Length: 351, Size: 47596, ScanIndex: 2
LFQ state dump (reason: late send for packet &{Seqno:234 Timestamp:175500 Size:54 Hash:1}
):
  Bucket 0: backlog=199, deficit=474, skip=false
  Bucket 1: backlog=162, deficit=1469, skip=false
  Queue state (Sparse), Length: 0, Size: 0, ScanIndex: 0
  Queue state (Bulk), Length: 361, Size: 47892, ScanIndex: 0
LFQ state dump (reason: late send for packet &{Seqno:274 Timestamp:205500 Size:49 Hash:1}
):
  Bucket 0: backlog=196, deficit=1252, skip=false
  Bucket 1: backlog=167, deficit=1481, skip=false
  Queue state (Sparse), Length: 0, Size: 0, ScanIndex: 0
  Queue state (Bulk), Length: 363, Size: 47768, ScanIndex: 0
LFQ state dump (reason: late send for packet &{Seqno:325 Timestamp:243750 Size:55 Hash:1}
):
  Bucket 0: backlog=198, deficit=1343, skip=false
  Bucket 1: backlog=170, deficit=1477, skip=false
  Queue state (Sparse), Length: 0, Size: 0, ScanIndex: 0
  Queue state (Bulk), Length: 368, Size: 47915, ScanIndex: 0
LFQ state dump (reason: late send for packet &{Seqno:378 Timestamp:283500 Size:40 Hash:1}
):
  Bucket 0: backlog=197, deficit=1405, skip=false
  Bucket 1: backlog=168, deficit=1455, skip=false
  Queue state (Sparse), Length: 0, Size: 0, ScanIndex: 0
  Queue state (Bulk), Length: 365, Size: 47903, ScanIndex: 0
LFQ state dump (reason: late send for packet &{Seqno:419 Timestamp:314250 Size:45 Hash:1}
):
  Bucket 0: backlog=196, deficit=956, skip=false
  Bucket 1: backlog=180, deficit=1488, skip=false
  Queue state (Sparse), Length: 0, Size: 0, ScanIndex: 0
  Queue state (Bulk), Length: 376, Size: 47839, ScanIndex: 0
LFQ state dump (reason: late send for packet &{Seqno:461 Timestamp:345750 Size:43 Hash:1}
):
  Bucket 0: backlog=192, deficit=1487, skip=false
  Bucket 1: backlog=186, deficit=1475, skip=false
  Queue state (Sparse), Length: 0, Size: 0, ScanIndex: 0
  Queue state (Bulk), Length: 378, Size: 47859, ScanIndex: 0
LFQ state dump (reason: late send for packet &{Seqno:574 Timestamp:430500 Size:60 Hash:1}
):
  Bucket 0: backlog=193, deficit=1387, skip=false
  Bucket 1: backlog=174, deficit=1452, skip=false
  Queue state (Sparse), Length: 0, Size: 0, ScanIndex: 0
  Queue state (Bulk), Length: 367, Size: 47959, ScanIndex: 0
LFQ state dump (reason: late send for packet &{Seqno:685 Timestamp:513750 Size:50 Hash:1}
):
  Bucket 0: backlog=197, deficit=1192, skip=false
  Bucket 1: backlog=163, deficit=1498, skip=false
  Queue state (Sparse), Length: 0, Size: 0, ScanIndex: 0
  Queue state (Bulk), Length: 360, Size: 47658, ScanIndex: 0
LFQ state dump (reason: late send for packet &{Seqno:738 Timestamp:553500 Size:59 Hash:1}
):
  Bucket 0: backlog=200, deficit=1481, skip=false
  Bucket 1: backlog=157, deficit=1483, skip=false
  Queue state (Sparse), Length: 0, Size: 0, ScanIndex: 0
  Queue state (Bulk), Length: 357, Size: 47894, ScanIndex: 0
LFQ state dump (reason: late send for packet &{Seqno:789 Timestamp:591750 Size:57 Hash:1}
):
  Bucket 0: backlog=198, deficit=1215, skip=false
  Bucket 1: backlog=159, deficit=1459, skip=false
  Queue state (Sparse), Length: 0, Size: 0, ScanIndex: 0
  Queue state (Bulk), Length: 357, Size: 47828, ScanIndex: 0
LFQ state dump (reason: late send for packet &{Seqno:844 Timestamp:633000 Size:47 Hash:1}
):
  Bucket 0: backlog=199, deficit=1312, skip=false
  Bucket 1: backlog=154, deficit=1457, skip=false
  Queue state (Sparse), Length: 0, Size: 0, ScanIndex: 0
  Queue state (Bulk), Length: 353, Size: 47847, ScanIndex: 0
LFQ state dump (reason: late send for packet &{Seqno:893 Timestamp:669750 Size:60 Hash:1}
):
  Bucket 0: backlog=197, deficit=877, skip=false
  Bucket 1: backlog=160, deficit=1483, skip=false
  Queue state (Sparse), Length: 0, Size: 0, ScanIndex: 0
  Queue state (Bulk), Length: 357, Size: 47804, ScanIndex: 0
LFQ state dump (reason: late send for packet &{Seqno:943 Timestamp:707250 Size:47 Hash:1}
):
  Bucket 0: backlog=203, deficit=1370, skip=false
  Bucket 1: backlog=151, deficit=1494, skip=false
  Queue state (Sparse), Length: 0, Size: 0, ScanIndex: 0
  Queue state (Bulk), Length: 354, Size: 47994, ScanIndex: 0
LFQ state dump (reason: late send for packet &{Seqno:993 Timestamp:744750 Size:59 Hash:1}
):
  Bucket 0: backlog=201, deficit=1444, skip=false
  Bucket 1: backlog=154, deficit=1447, skip=false
  Queue state (Sparse), Length: 0, Size: 0, ScanIndex: 0
  Queue state (Bulk), Length: 355, Size: 47819, ScanIndex: 0
LFQ state dump (reason: late send for packet &{Seqno:1043 Timestamp:782250 Size:48 Hash:1}
):
  Bucket 0: backlog=202, deficit=1097, skip=false
  Bucket 1: backlog=154, deficit=1472, skip=false
  Queue state (Sparse), Length: 0, Size: 0, ScanIndex: 0
  Queue state (Bulk), Length: 356, Size: 47864, ScanIndex: 0
LFQ state dump (reason: late send for packet &{Seqno:1085 Timestamp:813750 Size:50 Hash:1}
):
  Bucket 0: backlog=199, deficit=1191, skip=false
  Bucket 1: backlog=160, deficit=1465, skip=false
  Queue state (Sparse), Length: 0, Size: 0, ScanIndex: 0
  Queue state (Bulk), Length: 359, Size: 47842, ScanIndex: 0
LFQ state dump (reason: late send for packet &{Seqno:1117 Timestamp:837750 Size:55 Hash:1}
):
  Bucket 0: backlog=197, deficit=1462, skip=false
  Bucket 1: backlog=167, deficit=1496, skip=false
  Queue state (Sparse), Length: 0, Size: 0, ScanIndex: 0
  Queue state (Bulk), Length: 364, Size: 47953, ScanIndex: 0
LFQ state dump (reason: late send for packet &{Seqno:1172 Timestamp:879000 Size:46 Hash:1}
):
  Bucket 0: backlog=198, deficit=1242, skip=false
  Bucket 1: backlog=169, deficit=1479, skip=false
  Queue state (Sparse), Length: 0, Size: 0, ScanIndex: 0
  Queue state (Bulk), Length: 367, Size: 47945, ScanIndex: 0
LFQ state dump (reason: late send for packet &{Seqno:1225 Timestamp:918750 Size:57 Hash:1}
):
  Bucket 0: backlog=198, deficit=1326, skip=false
  Bucket 1: backlog=170, deficit=1472, skip=false
  Queue state (Sparse), Length: 0, Size: 0, ScanIndex: 0
  Queue state (Bulk), Length: 368, Size: 47986, ScanIndex: 0
LFQ state dump (reason: late send for packet &{Seqno:1277 Timestamp:957750 Size:57 Hash:1}
):
  Bucket 0: backlog=198, deficit=1074, skip=false
  Bucket 1: backlog=173, deficit=1460, skip=false
  Queue state (Sparse), Length: 0, Size: 0, ScanIndex: 0
  Queue state (Bulk), Length: 371, Size: 47901, ScanIndex: 0
LFQ state dump (reason: late send for packet &{Seqno:1325 Timestamp:993750 Size:58 Hash:1}
):
  Bucket 0: backlog=198, deficit=1478, skip=false
  Bucket 1: backlog=166, deficit=1485, skip=false
  Queue state (Sparse), Length: 0, Size: 0, ScanIndex: 0
  Queue state (Bulk), Length: 364, Size: 47913, ScanIndex: 0
LFQ state dump (reason: late send for packet &{Seqno:1382 Timestamp:1036500 Size:55 Hash:1}
):
  Bucket 0: backlog=197, deficit=1389, skip=false
  Bucket 1: backlog=161, deficit=1487, skip=false
  Queue state (Sparse), Length: 0, Size: 0, ScanIndex: 0
  Queue state (Bulk), Length: 358, Size: 47950, ScanIndex: 0
LFQ state dump (reason: late send for packet &{Seqno:1435 Timestamp:1076250 Size:42 Hash:1}
):
  Bucket 0: backlog=197, deficit=1386, skip=false
  Bucket 1: backlog=158, deficit=1467, skip=false
  Queue state (Sparse), Length: 0, Size: 0, ScanIndex: 0
  Queue state (Bulk), Length: 355, Size: 47985, ScanIndex: 0
LFQ state dump (reason: late send for packet &{Seqno:1489 Timestamp:1116750 Size:47 Hash:1}
):
  Bucket 0: backlog=197, deficit=1262, skip=false
  Bucket 1: backlog=154, deficit=1493, skip=false
  Queue state (Sparse), Length: 0, Size: 0, ScanIndex: 0
  Queue state (Bulk), Length: 351, Size: 47798, ScanIndex: 0
LFQ state dump (reason: late send for packet &{Seqno:1538 Timestamp:1153500 Size:47 Hash:1}
):
  Bucket 0: backlog=195, deficit=1468, skip=true
  Bucket 1: backlog=167, deficit=1482, skip=false
  Queue state (Sparse), Length: 0, Size: 0, ScanIndex: 0
  Queue state (Bulk), Length: 362, Size: 47933, ScanIndex: 0
LFQ state dump (reason: late send for packet &{Seqno:1581 Timestamp:1185750 Size:50 Hash:1}
):
  Bucket 0: backlog=197, deficit=1219, skip=false
  Bucket 1: backlog=158, deficit=1473, skip=false
  Queue state (Sparse), Length: 0, Size: 0, ScanIndex: 0
  Queue state (Bulk), Length: 355, Size: 47777, ScanIndex: 0
LFQ state dump (reason: late send for packet &{Seqno:1622 Timestamp:1216500 Size:53 Hash:1}
):
  Bucket 0: backlog=195, deficit=997, skip=false
  Bucket 1: backlog=169, deficit=1485, skip=false
  Queue state (Sparse), Length: 0, Size: 0, ScanIndex: 0
  Queue state (Bulk), Length: 364, Size: 47890, ScanIndex: 0
LFQ state dump (reason: late send for packet &{Seqno:1677 Timestamp:1257750 Size:52 Hash:1}
):
  Bucket 0: backlog=195, deficit=1174, skip=false
  Bucket 1: backlog=165, deficit=1494, skip=false
  Queue state (Sparse), Length: 0, Size: 0, ScanIndex: 0
  Queue state (Bulk), Length: 360, Size: 47798, ScanIndex: 0
LFQ state dump (reason: late send for packet &{Seqno:1721 Timestamp:1290750 Size:58 Hash:1}
):
  Bucket 0: backlog=197, deficit=1343, skip=false
  Bucket 1: backlog=166, deficit=1464, skip=false
  Queue state (Sparse), Length: 0, Size: 0, ScanIndex: 0
  Queue state (Bulk), Length: 363, Size: 47974, ScanIndex: 0
LFQ state dump (reason: late send for packet &{Seqno:1833 Timestamp:1374750 Size:44 Hash:1}
):
  Bucket 0: backlog=202, deficit=820, skip=false
  Bucket 1: backlog=157, deficit=1493, skip=false
  Queue state (Sparse), Length: 0, Size: 0, ScanIndex: 0
  Queue state (Bulk), Length: 359, Size: 47973, ScanIndex: 0
LFQ state dump (reason: late send for packet &{Seqno:1877 Timestamp:1407750 Size:58 Hash:1}
):
  Bucket 0: backlog=201, deficit=1408, skip=false
  Bucket 1: backlog=158, deficit=1466, skip=false
  Queue state (Sparse), Length: 0, Size: 0, ScanIndex: 0
  Queue state (Bulk), Length: 359, Size: 47891, ScanIndex: 0
LFQ state dump (reason: late send for packet &{Seqno:1929 Timestamp:1446750 Size:57 Hash:1}
):
  Bucket 0: backlog=198, deficit=674, skip=false
  Bucket 1: backlog=166, deficit=1471, skip=false
  Queue state (Sparse), Length: 0, Size: 0, ScanIndex: 0
  Queue state (Bulk), Length: 364, Size: 47869, ScanIndex: 0
LFQ state dump (reason: late send for packet &{Seqno:1977 Timestamp:1482750 Size:53 Hash:1}
):
  Bucket 0: backlog=196, deficit=1174, skip=false
  Bucket 1: backlog=167, deficit=1452, skip=false
  Queue state (Sparse), Length: 0, Size: 0, ScanIndex: 0
  Queue state (Bulk), Length: 363, Size: 47928, ScanIndex: 0
LFQ state dump (reason: late send for packet &{Seqno:2019 Timestamp:1514250 Size:47 Hash:1}
):
  Bucket 0: backlog=195, deficit=952, skip=false
  Bucket 1: backlog=173, deficit=1456, skip=false
  Queue state (Sparse), Length: 0, Size: 0, ScanIndex: 0
  Queue state (Bulk), Length: 368, Size: 47989, ScanIndex: 0
LFQ state dump (reason: late send for packet &{Seqno:2082 Timestamp:1561500 Size:44 Hash:1}
):
  Bucket 0: backlog=197, deficit=200, skip=false
  Bucket 1: backlog=173, deficit=1475, skip=false
  Queue state (Sparse), Length: 0, Size: 0, ScanIndex: 0
  Queue state (Bulk), Length: 370, Size: 47850, ScanIndex: 0
LFQ state dump (reason: late send for packet &{Seqno:2122 Timestamp:1591500 Size:52 Hash:1}
):
  Bucket 0: backlog=200, deficit=1499, skip=false
  Bucket 1: backlog=167, deficit=1497, skip=false
  Queue state (Sparse), Length: 0, Size: 0, ScanIndex: 0
  Queue state (Bulk), Length: 367, Size: 47954, ScanIndex: 0
LFQ state dump (reason: late send for packet &{Seqno:2178 Timestamp:1633500 Size:43 Hash:1}
):
  Bucket 0: backlog=197, deficit=228, skip=false
  Bucket 1: backlog=178, deficit=1489, skip=false
  Queue state (Sparse), Length: 0, Size: 0, ScanIndex: 0
  Queue state (Bulk), Length: 375, Size: 47964, ScanIndex: 0
LFQ state dump (reason: late send for packet &{Seqno:2221 Timestamp:1665750 Size:45 Hash:1}
):
  Bucket 0: backlog=198, deficit=924, skip=false
  Bucket 1: backlog=176, deficit=1453, skip=false
  Queue state (Sparse), Length: 0, Size: 0, ScanIndex: 0
  Queue state (Bulk), Length: 374, Size: 47858, ScanIndex: 0
LFQ state dump (reason: late send for packet &{Seqno:2271 Timestamp:1703250 Size:53 Hash:1}
):
  Bucket 0: backlog=195, deficit=632, skip=false
  Bucket 1: backlog=180, deficit=1479, skip=false
  Queue state (Sparse), Length: 0, Size: 0, ScanIndex: 0
  Queue state (Bulk), Length: 375, Size: 47907, ScanIndex: 0
LFQ state dump (reason: late send for packet &{Seqno:2334 Timestamp:1750500 Size:42 Hash:1}
):
  Bucket 0: backlog=199, deficit=666, skip=false
  Bucket 1: backlog=169, deficit=1442, skip=false
  Queue state (Sparse), Length: 0, Size: 0, ScanIndex: 0
  Queue state (Bulk), Length: 368, Size: 47829, ScanIndex: 0
LFQ state dump (reason: late send for packet &{Seqno:2384 Timestamp:1788000 Size:51 Hash:1}
):
  Bucket 0: backlog=200, deficit=984, skip=false
  Bucket 1: backlog=161, deficit=1491, skip=false
  Queue state (Sparse), Length: 0, Size: 0, ScanIndex: 0
  Queue state (Bulk), Length: 361, Size: 47759, ScanIndex: 0
LFQ state dump (reason: late send for packet &{Seqno:2435 Timestamp:1826250 Size:56 Hash:1}
):
  Bucket 0: backlog=200, deficit=797, skip=false
  Bucket 1: backlog=161, deficit=1471, skip=false
  Queue state (Sparse), Length: 0, Size: 0, ScanIndex: 0
  Queue state (Bulk), Length: 361, Size: 47840, ScanIndex: 0
LFQ state dump (reason: late send for packet &{Seqno:2489 Timestamp:1866750 Size:43 Hash:1}
):
  Bucket 0: backlog=201, deficit=1345, skip=false
  Bucket 1: backlog=156, deficit=1463, skip=false
  Queue state (Sparse), Length: 0, Size: 0, ScanIndex: 0
  Queue state (Bulk), Length: 357, Size: 47964, ScanIndex: 0
LFQ state dump (reason: late send for packet &{Seqno:2530 Timestamp:1897500 Size:45 Hash:1}
):
  Bucket 0: backlog=198, deficit=1285, skip=false
  Bucket 1: backlog=161, deficit=1485, skip=false
  Queue state (Sparse), Length: 0, Size: 0, ScanIndex: 0
  Queue state (Bulk), Length: 359, Size: 47966, ScanIndex: 0
LFQ state dump (reason: late send for packet &{Seqno:2581 Timestamp:1935750 Size:51 Hash:1}
):
  Bucket 0: backlog=196, deficit=1054, skip=false
  Bucket 1: backlog=165, deficit=1492, skip=false
  Queue state (Sparse), Length: 0, Size: 0, ScanIndex: 0
  Queue state (Bulk), Length: 361, Size: 47999, ScanIndex: 0
LFQ state dump (reason: late send for packet &{Seqno:2635 Timestamp:1976250 Size:55 Hash:1}
):
  Bucket 0: backlog=198, deficit=1115, skip=false
  Bucket 1: backlog=163, deficit=1457, skip=false
  Queue state (Sparse), Length: 0, Size: 0, ScanIndex: 0
  Queue state (Bulk), Length: 361, Size: 47925, ScanIndex: 0
LFQ state dump (reason: late send for packet &{Seqno:2677 Timestamp:2007750 Size:48 Hash:1}
):
  Bucket 0: backlog=197, deficit=1371, skip=false
  Bucket 1: backlog=165, deficit=1487, skip=false
  Queue state (Sparse), Length: 0, Size: 0, ScanIndex: 0
  Queue state (Bulk), Length: 362, Size: 47964, ScanIndex: 0
LFQ state dump (reason: late send for packet &{Seqno:2736 Timestamp:2052000 Size:45 Hash:1}
):
  Bucket 0: backlog=194, deficit=137, skip=false
  Bucket 1: backlog=170, deficit=1472, skip=false
  Queue state (Sparse), Length: 0, Size: 0, ScanIndex: 0
  Queue state (Bulk), Length: 364, Size: 47593, ScanIndex: 0
LFQ state dump (reason: late send for packet &{Seqno:2779 Timestamp:2084250 Size:42 Hash:1}
):
  Bucket 0: backlog=196, deficit=1207, skip=false
  Bucket 1: backlog=168, deficit=1482, skip=false
  Queue state (Sparse), Length: 0, Size: 0, ScanIndex: 0
  Queue state (Bulk), Length: 364, Size: 47863, ScanIndex: 0
LFQ state dump (reason: late send for packet &{Seqno:2835 Timestamp:2126250 Size:55 Hash:1}
):
  Bucket 0: backlog=197, deficit=934, skip=false
  Bucket 1: backlog=165, deficit=1466, skip=false
  Queue state (Sparse), Length: 0, Size: 0, ScanIndex: 0
  Queue state (Bulk), Length: 362, Size: 47830, ScanIndex: 0
LFQ state dump (reason: late send for packet &{Seqno:2892 Timestamp:2169000 Size:44 Hash:1}
):
  Bucket 0: backlog=196, deficit=889, skip=false
  Bucket 1: backlog=162, deficit=1472, skip=false
  Queue state (Sparse), Length: 0, Size: 0, ScanIndex: 0
  Queue state (Bulk), Length: 358, Size: 47925, ScanIndex: 0
LFQ state dump (reason: late send for packet &{Seqno:2936 Timestamp:2202000 Size:45 Hash:1}
):
  Bucket 0: backlog=196, deficit=1394, skip=false
  Bucket 1: backlog=157, deficit=1475, skip=false
  Queue state (Sparse), Length: 0, Size: 0, ScanIndex: 0
  Queue state (Bulk), Length: 353, Size: 47906, ScanIndex: 0
LFQ state dump (reason: late send for packet &{Seqno:2980 Timestamp:2235000 Size:42 Hash:1}
):
  Bucket 0: backlog=195, deficit=1490, skip=false
  Bucket 1: backlog=166, deficit=1463, skip=false
  Queue state (Sparse), Length: 0, Size: 0, ScanIndex: 0
  Queue state (Bulk), Length: 361, Size: 47863, ScanIndex: 0
LFQ state dump (reason: late send for packet &{Seqno:3033 Timestamp:2274750 Size:44 Hash:1}
):
  Bucket 0: backlog=196, deficit=896, skip=false
  Bucket 1: backlog=168, deficit=1489, skip=false
  Queue state (Sparse), Length: 0, Size: 0, ScanIndex: 0
  Queue state (Bulk), Length: 364, Size: 47998, ScanIndex: 0
LFQ state dump (reason: late send for packet &{Seqno:3082 Timestamp:2311500 Size:46 Hash:1}
):
  Bucket 0: backlog=197, deficit=1206, skip=false
  Bucket 1: backlog=165, deficit=1470, skip=false
  Queue state (Sparse), Length: 0, Size: 0, ScanIndex: 0
  Queue state (Bulk), Length: 362, Size: 47927, ScanIndex: 0
LFQ state dump (reason: late send for packet &{Seqno:3131 Timestamp:2348250 Size:42 Hash:1}
):
  Bucket 0: backlog=194, deficit=1213, skip=false
  Bucket 1: backlog=166, deficit=1470, skip=false
  Queue state (Sparse), Length: 0, Size: 0, ScanIndex: 0
  Queue state (Bulk), Length: 360, Size: 47831, ScanIndex: 0
LFQ state dump (reason: late send for packet &{Seqno:3183 Timestamp:2387250 Size:60 Hash:1}
):
  Bucket 0: backlog=197, deficit=932, skip=false
  Bucket 1: backlog=162, deficit=1482, skip=false
  Queue state (Sparse), Length: 0, Size: 0, ScanIndex: 0
  Queue state (Bulk), Length: 359, Size: 47992, ScanIndex: 0
LFQ state dump (reason: late send for packet &{Seqno:3228 Timestamp:2421000 Size:54 Hash:1}
):
  Bucket 0: backlog=194, deficit=1048, skip=false
  Bucket 1: backlog=168, deficit=1466, skip=false
  Queue state (Sparse), Length: 0, Size: 0, ScanIndex: 0
  Queue state (Bulk), Length: 362, Size: 47955, ScanIndex: 0
LFQ state dump (reason: late send for packet &{Seqno:3282 Timestamp:2461500 Size:54 Hash:1}
):
  Bucket 0: backlog=199, deficit=1331, skip=false
  Bucket 1: backlog=159, deficit=1482, skip=false
  Queue state (Sparse), Length: 0, Size: 0, ScanIndex: 0
  Queue state (Bulk), Length: 358, Size: 47965, ScanIndex: 0
LFQ state dump (reason: late send for packet &{Seqno:3340 Timestamp:2505000 Size:57 Hash:1}
):
  Bucket 0: backlog=197, deficit=550, skip=false
  Bucket 1: backlog=161, deficit=1469, skip=false
  Queue state (Sparse), Length: 0, Size: 0, ScanIndex: 0
  Queue state (Bulk), Length: 358, Size: 47933, ScanIndex: 0
LFQ state dump (reason: late send for packet &{Seqno:3392 Timestamp:2544000 Size:54 Hash:1}
):
  Bucket 0: backlog=201, deficit=1256, skip=false
  Bucket 1: backlog=154, deficit=1480, skip=false
  Queue state (Sparse), Length: 0, Size: 0, ScanIndex: 0
  Queue state (Bulk), Length: 355, Size: 47774, ScanIndex: 0
LFQ state dump (reason: late send for packet &{Seqno:3442 Timestamp:2581500 Size:58 Hash:1}
):
  Bucket 0: backlog=200, deficit=1014, skip=false
  Bucket 1: backlog=158, deficit=1455, skip=false
  Queue state (Sparse), Length: 0, Size: 0, ScanIndex: 0
  Queue state (Bulk), Length: 358, Size: 47873, ScanIndex: 0
LFQ state dump (reason: late send for packet &{Seqno:3491 Timestamp:2618250 Size:59 Hash:1}
):
  Bucket 0: backlog=203, deficit=732, skip=false
  Bucket 1: backlog=159, deficit=1447, skip=false
  Queue state (Sparse), Length: 0, Size: 0, ScanIndex: 0
  Queue state (Bulk), Length: 362, Size: 47966, ScanIndex: 0
LFQ state dump (reason: late send for packet &{Seqno:3545 Timestamp:2658750 Size:43 Hash:1}
):
  Bucket 0: backlog=203, deficit=1175, skip=false
  Bucket 1: backlog=155, deficit=1464, skip=false
  Queue state (Sparse), Length: 0, Size: 0, ScanIndex: 0
  Queue state (Bulk), Length: 358, Size: 47773, ScanIndex: 0
LFQ state dump (reason: late send for packet &{Seqno:3600 Timestamp:2700000 Size:43 Hash:1}
):
  Bucket 0: backlog=205, deficit=1275, skip=false
  Bucket 1: backlog=147, deficit=1497, skip=false
  Queue state (Sparse), Length: 0, Size: 0, ScanIndex: 0
  Queue state (Bulk), Length: 352, Size: 47955, ScanIndex: 0
LFQ state dump (reason: late send for packet &{Seqno:3642 Timestamp:2731500 Size:59 Hash:1}
):
  Bucket 0: backlog=201, deficit=1113, skip=false
  Bucket 1: backlog=153, deficit=1488, skip=false
  Queue state (Sparse), Length: 0, Size: 0, ScanIndex: 0
  Queue state (Bulk), Length: 354, Size: 47748, ScanIndex: 0
LFQ state dump (reason: late send for packet &{Seqno:3694 Timestamp:2770500 Size:46 Hash:1}
):
  Bucket 0: backlog=200, deficit=1105, skip=false
  Bucket 1: backlog=155, deficit=1480, skip=false
  Queue state (Sparse), Length: 0, Size: 0, ScanIndex: 0
  Queue state (Bulk), Length: 355, Size: 47990, ScanIndex: 0
LFQ state dump (reason: late send for packet &{Seqno:3741 Timestamp:2805750 Size:46 Hash:1}
):
  Bucket 0: backlog=198, deficit=528, skip=false
  Bucket 1: backlog=164, deficit=1478, skip=false
  Queue state (Sparse), Length: 0, Size: 0, ScanIndex: 0
  Queue state (Bulk), Length: 362, Size: 47863, ScanIndex: 0
LFQ state dump (reason: late send for packet &{Seqno:3795 Timestamp:2846250 Size:51 Hash:1}
):
  Bucket 0: backlog=199, deficit=1382, skip=true
  Bucket 1: backlog=162, deficit=1482, skip=false
  Queue state (Sparse), Length: 0, Size: 0, ScanIndex: 0
  Queue state (Bulk), Length: 361, Size: 47863, ScanIndex: 0
LFQ state dump (reason: late send for packet &{Seqno:3828 Timestamp:2871000 Size:50 Hash:1}
):
  Bucket 0: backlog=202, deficit=1382, skip=false
  Bucket 1: backlog=162, deficit=1493, skip=false
  Queue state (Sparse), Length: 0, Size: 0, ScanIndex: 0
  Queue state (Bulk), Length: 364, Size: 47981, ScanIndex: 0
LFQ state dump (reason: late send for packet &{Seqno:3884 Timestamp:2913000 Size:44 Hash:1}
):
  Bucket 0: backlog=200, deficit=812, skip=false
  Bucket 1: backlog=165, deficit=1497, skip=false
  Queue state (Sparse), Length: 0, Size: 0, ScanIndex: 0
  Queue state (Bulk), Length: 365, Size: 47855, ScanIndex: 0
LFQ state dump (reason: late send for packet &{Seqno:3937 Timestamp:2952750 Size:46 Hash:1}
):
  Bucket 0: backlog=201, deficit=1281, skip=false
  Bucket 1: backlog=159, deficit=1492, skip=false
  Queue state (Sparse), Length: 0, Size: 0, ScanIndex: 0
  Queue state (Bulk), Length: 360, Size: 47882, ScanIndex: 0
LFQ state dump (reason: late send for packet &{Seqno:4043 Timestamp:3032250 Size:52 Hash:1}
):
  Bucket 0: backlog=199, deficit=925, skip=false
  Bucket 1: backlog=157, deficit=1453, skip=false
  Queue state (Sparse), Length: 0, Size: 0, ScanIndex: 0
  Queue state (Bulk), Length: 356, Size: 47918, ScanIndex: 0
LFQ state dump (reason: late send for packet &{Seqno:4094 Timestamp:3070500 Size:40 Hash:1}
):
  Bucket 0: backlog=196, deficit=1484, skip=true
  Bucket 1: backlog=164, deficit=1474, skip=false
  Queue state (Sparse), Length: 0, Size: 0, ScanIndex: 0
  Queue state (Bulk), Length: 360, Size: 47827, ScanIndex: 2
LFQ state dump (reason: late send for packet &{Seqno:4140 Timestamp:3105000 Size:48 Hash:1}
):
  Bucket 0: backlog=197, deficit=889, skip=false
  Bucket 1: backlog=160, deficit=1470, skip=false
  Queue state (Sparse), Length: 0, Size: 0, ScanIndex: 0
  Queue state (Bulk), Length: 357, Size: 47939, ScanIndex: 0
LFQ state dump (reason: late send for packet &{Seqno:4199 Timestamp:3149250 Size:55 Hash:1}
):
  Bucket 0: backlog=198, deficit=1116, skip=false
  Bucket 1: backlog=154, deficit=1450, skip=false
  Queue state (Sparse), Length: 0, Size: 0, ScanIndex: 0
  Queue state (Bulk), Length: 352, Size: 47790, ScanIndex: 0
LFQ state dump (reason: late send for packet &{Seqno:4247 Timestamp:3185250 Size:51 Hash:1}
):
  Bucket 0: backlog=198, deficit=1083, skip=false
  Bucket 1: backlog=153, deficit=1469, skip=false
  Queue state (Sparse), Length: 0, Size: 0, ScanIndex: 0
  Queue state (Bulk), Length: 351, Size: 47860, ScanIndex: 0
LFQ state dump (reason: late send for packet &{Seqno:4300 Timestamp:3225000 Size:48 Hash:1}
):
  Bucket 0: backlog=200, deficit=1342, skip=false
  Bucket 1: backlog=146, deficit=1469, skip=false
  Queue state (Sparse), Length: 0, Size: 0, ScanIndex: 0
  Queue state (Bulk), Length: 346, Size: 47997, ScanIndex: 0
LFQ state dump (reason: late send for packet &{Seqno:4349 Timestamp:3261750 Size:40 Hash:1}
):
  Bucket 0: backlog=199, deficit=517, skip=false
  Bucket 1: backlog=156, deficit=1463, skip=false
  Queue state (Sparse), Length: 0, Size: 0, ScanIndex: 0
  Queue state (Bulk), Length: 355, Size: 47806, ScanIndex: 0
LFQ state dump (reason: late send for packet &{Seqno:4394 Timestamp:3295500 Size:60 Hash:1}
):
  Bucket 0: backlog=201, deficit=1453, skip=false
  Bucket 1: backlog=153, deficit=1472, skip=false
  Queue state (Sparse), Length: 0, Size: 0, ScanIndex: 0
  Queue state (Bulk), Length: 354, Size: 47973, ScanIndex: 0
LFQ state dump (reason: late send for packet &{Seqno:4441 Timestamp:3330750 Size:51 Hash:1}
):
  Bucket 0: backlog=202, deficit=1114, skip=false
  Bucket 1: backlog=155, deficit=1493, skip=false
  Queue state (Sparse), Length: 0, Size: 0, ScanIndex: 0
  Queue state (Bulk), Length: 357, Size: 47889, ScanIndex: 0
LFQ state dump (reason: late send for packet &{Seqno:4491 Timestamp:3368250 Size:44 Hash:1}
):
  Bucket 0: backlog=198, deficit=378, skip=false
  Bucket 1: backlog=163, deficit=1459, skip=false
  Queue state (Sparse), Length: 0, Size: 0, ScanIndex: 0
  Queue state (Bulk), Length: 361, Size: 47846, ScanIndex: 0
LFQ state dump (reason: late send for packet &{Seqno:4545 Timestamp:3408750 Size:40 Hash:1}
):
  Bucket 0: backlog=197, deficit=220, skip=false
  Bucket 1: backlog=168, deficit=1474, skip=false
  Queue state (Sparse), Length: 0, Size: 0, ScanIndex: 0
  Queue state (Bulk), Length: 365, Size: 47995, ScanIndex: 0
LFQ state dump (reason: late send for packet &{Seqno:4585 Timestamp:3438750 Size:55 Hash:1}
):
  Bucket 0: backlog=197, deficit=555, skip=false
  Bucket 1: backlog=171, deficit=1490, skip=false
  Queue state (Sparse), Length: 0, Size: 0, ScanIndex: 0
  Queue state (Bulk), Length: 368, Size: 47977, ScanIndex: 0
LFQ state dump (reason: late send for packet &{Seqno:4637 Timestamp:3477750 Size:44 Hash:1}
):
  Bucket 0: backlog=196, deficit=352, skip=false
  Bucket 1: backlog=172, deficit=1491, skip=false
  Queue state (Sparse), Length: 0, Size: 0, ScanIndex: 0
  Queue state (Bulk), Length: 368, Size: 47783, ScanIndex: 0
LFQ state dump (reason: late send for packet &{Seqno:4693 Timestamp:3519750 Size:56 Hash:1}
):
  Bucket 0: backlog=200, deficit=1089, skip=false
  Bucket 1: backlog=162, deficit=1475, skip=false
  Queue state (Sparse), Length: 0, Size: 0, ScanIndex: 0
  Queue state (Bulk), Length: 362, Size: 47969, ScanIndex: 0
LFQ state dump (reason: late send for packet &{Seqno:4745 Timestamp:3558750 Size:57 Hash:1}
):
  Bucket 0: backlog=198, deficit=1156, skip=false
  Bucket 1: backlog=162, deficit=1454, skip=false
  Queue state (Sparse), Length: 0, Size: 0, ScanIndex: 0
  Queue state (Bulk), Length: 360, Size: 47820, ScanIndex: 0
LFQ state dump (reason: late send for packet &{Seqno:4793 Timestamp:3594750 Size:52 Hash:1}
):
  Bucket 0: backlog=200, deficit=1426, skip=false
  Bucket 1: backlog=156, deficit=1474, skip=false
  Queue state (Sparse), Length: 0, Size: 0, ScanIndex: 0
  Queue state (Bulk), Length: 356, Size: 47964, ScanIndex: 0
LFQ state dump (reason: late send for packet &{Seqno:4847 Timestamp:3635250 Size:47 Hash:1}
):
  Bucket 0: backlog=200, deficit=689, skip=false
  Bucket 1: backlog=160, deficit=1462, skip=false
  Queue state (Sparse), Length: 0, Size: 0, ScanIndex: 0
  Queue state (Bulk), Length: 360, Size: 47975, ScanIndex: 0
LFQ state dump (reason: late send for packet &{Seqno:4894 Timestamp:3670500 Size:45 Hash:1}
):
  Bucket 0: backlog=199, deficit=619, skip=false
  Bucket 1: backlog=166, deficit=1465, skip=false
  Queue state (Sparse), Length: 0, Size: 0, ScanIndex: 0
  Queue state (Bulk), Length: 365, Size: 47911, ScanIndex: 0
LFQ state dump (reason: late send for packet &{Seqno:4935 Timestamp:3701250 Size:53 Hash:1}
):
  Bucket 0: backlog=195, deficit=240, skip=false
  Bucket 1: backlog=178, deficit=1447, skip=false
  Queue state (Sparse), Length: 0, Size: 0, ScanIndex: 0
  Queue state (Bulk), Length: 373, Size: 47554, ScanIndex: 0
LFQ state dump (reason: late send for packet &{Seqno:4980 Timestamp:3735000 Size:58 Hash:1}
):
  Bucket 0: backlog=197, deficit=927, skip=false
  Bucket 1: backlog=176, deficit=1459, skip=false
  Queue state (Sparse), Length: 0, Size: 0, ScanIndex: 0
  Queue state (Bulk), Length: 373, Size: 47839, ScanIndex: 0
LFQ state dump (reason: late send for packet &{Seqno:5021 Timestamp:3765750 Size:45 Hash:1}
):
  Bucket 0: backlog=195, deficit=1492, skip=false
  Bucket 1: backlog=180, deficit=1471, skip=false
  Queue state (Sparse), Length: 0, Size: 0, ScanIndex: 0
  Queue state (Bulk), Length: 375, Size: 47900, ScanIndex: 0
LFQ state dump (reason: late send for packet &{Seqno:5085 Timestamp:3813750 Size:57 Hash:1}
):
  Bucket 0: backlog=199, deficit=1278, skip=false
  Bucket 1: backlog=172, deficit=1460, skip=false
  Queue state (Sparse), Length: 0, Size: 0, ScanIndex: 0
  Queue state (Bulk), Length: 371, Size: 47974, ScanIndex: 0
LFQ state dump (reason: late send for packet &{Seqno:5141 Timestamp:3855750 Size:41 Hash:1}
):
  Bucket 0: backlog=200, deficit=1189, skip=false
  Bucket 1: backlog=164, deficit=1471, skip=false
  Queue state (Sparse), Length: 0, Size: 0, ScanIndex: 0
  Queue state (Bulk), Length: 364, Size: 47790, ScanIndex: 0
LFQ state dump (reason: late send for packet &{Seqno:5182 Timestamp:3886500 Size:60 Hash:1}
):
  Bucket 0: backlog=198, deficit=1297, skip=false
  Bucket 1: backlog=170, deficit=1487, skip=false
  Queue state (Sparse), Length: 0, Size: 0, ScanIndex: 0
  Queue state (Bulk), Length: 368, Size: 47895, ScanIndex: 0
LFQ state dump (reason: late send for packet &{Seqno:5241 Timestamp:3930750 Size:52 Hash:1}
):
  Bucket 0: backlog=200, deficit=992, skip=false
  Bucket 1: backlog=166, deficit=1498, skip=false
  Queue state (Sparse), Length: 0, Size: 0, ScanIndex: 0
  Queue state (Bulk), Length: 366, Size: 47864, ScanIndex: 0
LFQ state dump (reason: late send for packet &{Seqno:5287 Timestamp:3965250 Size:50 Hash:1}
):
  Bucket 0: backlog=197, deficit=1063, skip=false
  Bucket 1: backlog=171, deficit=1463, skip=false
  Queue state (Sparse), Length: 0, Size: 0, ScanIndex: 0
  Queue state (Bulk), Length: 368, Size: 47815, ScanIndex: 0
LFQ state dump (reason: late send for packet &{Seqno:5346 Timestamp:4009500 Size:54 Hash:1}
):
  Bucket 0: backlog=196, deficit=822, skip=false
  Bucket 1: backlog=168, deficit=1456, skip=false
  Queue state (Sparse), Length: 0, Size: 0, ScanIndex: 0
  Queue state (Bulk), Length: 364, Size: 47888, ScanIndex: 0
LFQ state dump (reason: late send for packet &{Seqno:5391 Timestamp:4043250 Size:45 Hash:1}
):
  Bucket 0: backlog=195, deficit=1337, skip=false
  Bucket 1: backlog=165, deficit=1492, skip=false
  Queue state (Sparse), Length: 0, Size: 0, ScanIndex: 0
  Queue state (Bulk), Length: 360, Size: 47881, ScanIndex: 0
LFQ state dump (reason: late send for packet &{Seqno:5434 Timestamp:4075500 Size:56 Hash:1}
):
  Bucket 0: backlog=194, deficit=1398, skip=false
  Bucket 1: backlog=171, deficit=1471, skip=false
  Queue state (Sparse), Length: 0, Size: 0, ScanIndex: 0
  Queue state (Bulk), Length: 365, Size: 47917, ScanIndex: 0
LFQ state dump (reason: late send for packet &{Seqno:5492 Timestamp:4119000 Size:59 Hash:1}
):
  Bucket 0: backlog=198, deficit=1357, skip=false
  Bucket 1: backlog=166, deficit=1449, skip=false
  Queue state (Sparse), Length: 0, Size: 0, ScanIndex: 0
  Queue state (Bulk), Length: 364, Size: 47980, ScanIndex: 0
LFQ state dump (reason: late send for packet &{Seqno:5553 Timestamp:4164750 Size:44 Hash:1}
):
  Bucket 0: backlog=198, deficit=1014, skip=false
  Bucket 1: backlog=160, deficit=1494, skip=false
  Queue state (Sparse), Length: 0, Size: 0, ScanIndex: 0
  Queue state (Bulk), Length: 358, Size: 47803, ScanIndex: 0
LFQ state dump (reason: late send for packet &{Seqno:5598 Timestamp:4198500 Size:52 Hash:1}
):
  Bucket 0: backlog=197, deficit=489, skip=false
  Bucket 1: backlog=164, deficit=1494, skip=false
  Queue state (Sparse), Length: 0, Size: 0, ScanIndex: 0
  Queue state (Bulk), Length: 361, Size: 47992, ScanIndex: 0
LFQ state dump (reason: late send for packet &{Seqno:5651 Timestamp:4238250 Size:56 Hash:1}
):
  Bucket 0: backlog=198, deficit=386, skip=false
  Bucket 1: backlog=166, deficit=1480, skip=false
  Queue state (Sparse), Length: 0, Size: 0, ScanIndex: 0
  Queue state (Bulk), Length: 364, Size: 47899, ScanIndex: 0
LFQ state dump (reason: late send for packet &{Seqno:5688 Timestamp:4266000 Size:44 Hash:1}
):
  Bucket 0: backlog=198, deficit=1070, skip=false
  Bucket 1: backlog=169, deficit=1489, skip=false
  Queue state (Sparse), Length: 0, Size: 0, ScanIndex: 0
  Queue state (Bulk), Length: 367, Size: 47990, ScanIndex: 0
LFQ state dump (reason: late send for packet &{Seqno:5741 Timestamp:4305750 Size:45 Hash:1}
):
  Bucket 0: backlog=200, deficit=1215, skip=false
  Bucket 1: backlog=167, deficit=1471, skip=false
  Queue state (Sparse), Length: 0, Size: 0, ScanIndex: 0
  Queue state (Bulk), Length: 367, Size: 47834, ScanIndex: 0
LFQ state dump (reason: late send for packet &{Seqno:5798 Timestamp:4348500 Size:47 Hash:1}
):
  Bucket 0: backlog=198, deficit=929, skip=false
  Bucket 1: backlog=166, deficit=1481, skip=false
  Queue state (Sparse), Length: 0, Size: 0, ScanIndex: 0
  Queue state (Bulk), Length: 364, Size: 47788, ScanIndex: 0
LFQ state dump (reason: late send for packet &{Seqno:5846 Timestamp:4384500 Size:42 Hash:1}
):
  Bucket 0: backlog=200, deficit=1465, skip=false
  Bucket 1: backlog=165, deficit=1475, skip=false
  Queue state (Sparse), Length: 0, Size: 0, ScanIndex: 0
  Queue state (Bulk), Length: 365, Size: 47935, ScanIndex: 0
LFQ state dump (reason: late send for packet &{Seqno:5900 Timestamp:4425000 Size:56 Hash:1}
):
  Bucket 0: backlog=201, deficit=1190, skip=false
  Bucket 1: backlog=163, deficit=1489, skip=false
  Queue state (Sparse), Length: 0, Size: 0, ScanIndex: 0
  Queue state (Bulk), Length: 364, Size: 47910, ScanIndex: 0
LFQ state dump (reason: late send for packet &{Seqno:5944 Timestamp:4458000 Size:40 Hash:1}
):
  Bucket 0: backlog=198, deficit=1281, skip=false
  Bucket 1: backlog=168, deficit=1465, skip=false
  Queue state (Sparse), Length: 0, Size: 0, ScanIndex: 0
  Queue state (Bulk), Length: 366, Size: 47893, ScanIndex: 0
LFQ state dump (reason: late send for packet &{Seqno:6009 Timestamp:4506750 Size:54 Hash:1}
):
  Bucket 0: backlog=202, deficit=1480, skip=false
  Bucket 1: backlog=154, deficit=1464, skip=false
  Queue state (Sparse), Length: 0, Size: 0, ScanIndex: 0
  Queue state (Bulk), Length: 356, Size: 47871, ScanIndex: 0
LFQ state dump (reason: late send for packet &{Seqno:6059 Timestamp:4544250 Size:41 Hash:1}
):
  Bucket 0: backlog=203, deficit=1186, skip=false
  Bucket 1: backlog=154, deficit=1458, skip=false
  Queue state (Sparse), Length: 0, Size: 0, ScanIndex: 0
  Queue state (Bulk), Length: 357, Size: 47854, ScanIndex: 0
LFQ state dump (reason: late send for packet &{Seqno:6106 Timestamp:4579500 Size:50 Hash:1}
):
  Bucket 0: backlog=201, deficit=444, skip=false
  Bucket 1: backlog=163, deficit=1462, skip=false
  Queue state (Sparse), Length: 0, Size: 0, ScanIndex: 0
  Queue state (Bulk), Length: 364, Size: 47912, ScanIndex: 0
LFQ state dump (reason: late send for packet &{Seqno:6141 Timestamp:4605750 Size:41 Hash:1}
):
  Bucket 0: backlog=201, deficit=1341, skip=false
  Bucket 1: backlog=168, deficit=1494, skip=false
  Queue state (Sparse), Length: 0, Size: 0, ScanIndex: 0
  Queue state (Bulk), Length: 369, Size: 47952, ScanIndex: 0
LFQ state dump (reason: late send for packet &{Seqno:6199 Timestamp:4649250 Size:43 Hash:1}
):
  Bucket 0: backlog=199, deficit=1135, skip=false
  Bucket 1: backlog=171, deficit=1499, skip=false
  Queue state (Sparse), Length: 0, Size: 0, ScanIndex: 0
  Queue state (Bulk), Length: 370, Size: 47995, ScanIndex: 0
LFQ state dump (reason: late send for packet &{Seqno:6261 Timestamp:4695750 Size:50 Hash:1}
):
  Bucket 0: backlog=199, deficit=227, skip=false
  Bucket 1: backlog=165, deficit=1498, skip=false
  Queue state (Sparse), Length: 0, Size: 0, ScanIndex: 0
  Queue state (Bulk), Length: 364, Size: 47952, ScanIndex: 0
LFQ state dump (reason: late send for packet &{Seqno:6307 Timestamp:4730250 Size:52 Hash:1}
):
  Bucket 0: backlog=202, deficit=1290, skip=false
  Bucket 1: backlog=160, deficit=1466, skip=false
  Queue state (Sparse), Length: 0, Size: 0, ScanIndex: 0
  Queue state (Bulk), Length: 362, Size: 47957, ScanIndex: 0
LFQ state dump (reason: late send for packet &{Seqno:6358 Timestamp:4768500 Size:55 Hash:1}
):
  Bucket 0: backlog=200, deficit=1393, skip=false
  Bucket 1: backlog=156, deficit=1461, skip=false
  Queue state (Sparse), Length: 0, Size: 0, ScanIndex: 0
  Queue state (Bulk), Length: 356, Size: 47886, ScanIndex: 0
LFQ state dump (reason: late send for packet &{Seqno:6403 Timestamp:4802250 Size:46 Hash:1}
):
  Bucket 0: backlog=200, deficit=1133, skip=false
  Bucket 1: backlog=161, deficit=1468, skip=false
  Queue state (Sparse), Length: 0, Size: 0, ScanIndex: 0
  Queue state (Bulk), Length: 361, Size: 47889, ScanIndex: 0
LFQ state dump (reason: late send for packet &{Seqno:6460 Timestamp:4845000 Size:43 Hash:1}
):
  Bucket 0: backlog=199, deficit=1140, skip=false
  Bucket 1: backlog=159, deficit=1481, skip=false
  Queue state (Sparse), Length: 0, Size: 0, ScanIndex: 0
  Queue state (Bulk), Length: 358, Size: 47786, ScanIndex: 0
LFQ state dump (reason: late send for packet &{Seqno:6502 Timestamp:4876500 Size:58 Hash:1}
):
  Bucket 0: backlog=198, deficit=629, skip=false
  Bucket 1: backlog=164, deficit=1472, skip=false
  Queue state (Sparse), Length: 0, Size: 0, ScanIndex: 0
  Queue state (Bulk), Length: 362, Size: 47862, ScanIndex: 0
LFQ state dump (reason: late send for packet &{Seqno:6541 Timestamp:4905750 Size:45 Hash:1}
):
  Bucket 0: backlog=197, deficit=793, skip=false
  Bucket 1: backlog=173, deficit=1487, skip=false
  Queue state (Sparse), Length: 0, Size: 0, ScanIndex: 0
  Queue state (Bulk), Length: 370, Size: 47833, ScanIndex: 0
LFQ state dump (reason: late send for packet &{Seqno:6588 Timestamp:4941000 Size:50 Hash:1}
):
  Bucket 0: backlog=200, deficit=1365, skip=false
  Bucket 1: backlog=171, deficit=1468, skip=false
  Queue state (Sparse), Length: 0, Size: 0, ScanIndex: 0
  Queue state (Bulk), Length: 371, Size: 47993, ScanIndex: 0
LFQ state dump (reason: late send for packet &{Seqno:6642 Timestamp:4981500 Size:50 Hash:1}
):
  Bucket 0: backlog=198, deficit=1487, skip=false
  Bucket 1: backlog=170, deficit=1450, skip=false
  Queue state (Sparse), Length: 0, Size: 0, ScanIndex: 0
  Queue state (Bulk), Length: 368, Size: 47907, ScanIndex: 0
LFQ state dump (reason: late send for packet &{Seqno:6712 Timestamp:5034000 Size:57 Hash:1}
):
  Bucket 0: backlog=202, deficit=1151, skip=false
  Bucket 1: backlog=155, deficit=1482, skip=false
  Queue state (Sparse), Length: 0, Size: 0, ScanIndex: 0
  Queue state (Bulk), Length: 357, Size: 47830, ScanIndex: 0
LFQ state dump (reason: late send for packet &{Seqno:6761 Timestamp:5070750 Size:50 Hash:1}
):
  Bucket 0: backlog=202, deficit=956, skip=false
  Bucket 1: backlog=156, deficit=1478, skip=false
  Queue state (Sparse), Length: 0, Size: 0, ScanIndex: 0
  Queue state (Bulk), Length: 358, Size: 47907, ScanIndex: 0
LFQ state dump (reason: late send for packet &{Seqno:6819 Timestamp:5114250 Size:40 Hash:1}
):
  Bucket 0: backlog=202, deficit=481, skip=false
  Bucket 1: backlog=155, deficit=1465, skip=false
  Queue state (Sparse), Length: 0, Size: 0, ScanIndex: 0
  Queue state (Bulk), Length: 357, Size: 47790, ScanIndex: 0
LFQ state dump (reason: late send for packet &{Seqno:6865 Timestamp:5148750 Size:57 Hash:1}
):
  Bucket 0: backlog=202, deficit=1016, skip=false
  Bucket 1: backlog=153, deficit=1494, skip=false
  Queue state (Sparse), Length: 0, Size: 0, ScanIndex: 0
  Queue state (Bulk), Length: 355, Size: 47898, ScanIndex: 0
LFQ state dump (reason: late send for packet &{Seqno:6914 Timestamp:5185500 Size:52 Hash:1}
):
  Bucket 0: backlog=200, deficit=1346, skip=false
  Bucket 1: backlog=154, deficit=1451, skip=false
  Queue state (Sparse), Length: 0, Size: 0, ScanIndex: 0
  Queue state (Bulk), Length: 354, Size: 47868, ScanIndex: 0
LFQ state dump (reason: late send for packet &{Seqno:6963 Timestamp:5222250 Size:56 Hash:1}
):
  Bucket 0: backlog=197, deficit=123, skip=false
  Bucket 1: backlog=163, deficit=1449, skip=false
  Queue state (Sparse), Length: 0, Size: 0, ScanIndex: 0
  Queue state (Bulk), Length: 360, Size: 47689, ScanIndex: 0
LFQ state dump (reason: late send for packet &{Seqno:7007 Timestamp:5255250 Size:55 Hash:1}
):
  Bucket 0: backlog=201, deficit=1400, skip=false
  Bucket 1: backlog=155, deficit=1479, skip=false
  Queue state (Sparse), Length: 0, Size: 0, ScanIndex: 0
  Queue state (Bulk), Length: 356, Size: 47932, ScanIndex: 0
LFQ state dump (reason: late send for packet &{Seqno:7045 Timestamp:5283750 Size:41 Hash:1}
):
  Bucket 0: backlog=197, deficit=934, skip=false
  Bucket 1: backlog=166, deficit=1484, skip=false
  Queue state (Sparse), Length: 0, Size: 0, ScanIndex: 0
  Queue state (Bulk), Length: 363, Size: 47831, ScanIndex: 0
LFQ state dump (reason: late send for packet &{Seqno:7101 Timestamp:5325750 Size:41 Hash:1}
):
  Bucket 0: backlog=197, deficit=729, skip=false
  Bucket 1: backlog=169, deficit=1473, skip=false
  Queue state (Sparse), Length: 0, Size: 0, ScanIndex: 0
  Queue state (Bulk), Length: 366, Size: 47874, ScanIndex: 0
LFQ state dump (reason: late send for packet &{Seqno:7144 Timestamp:5358000 Size:52 Hash:1}
):
  Bucket 0: backlog=197, deficit=349, skip=false
  Bucket 1: backlog=178, deficit=1470, skip=false
  Queue state (Sparse), Length: 0, Size: 0, ScanIndex: 0
  Queue state (Bulk), Length: 375, Size: 47827, ScanIndex: 0
LFQ state dump (reason: late send for packet &{Seqno:7190 Timestamp:5392500 Size:58 Hash:1}
):
  Bucket 0: backlog=200, deficit=623, skip=false
  Bucket 1: backlog=180, deficit=1483, skip=false
  Queue state (Sparse), Length: 0, Size: 0, ScanIndex: 0
  Queue state (Bulk), Length: 380, Size: 47993, ScanIndex: 0
LFQ state dump (reason: late send for packet &{Seqno:7241 Timestamp:5430750 Size:44 Hash:1}
):
  Bucket 0: backlog=203, deficit=981, skip=false
  Bucket 1: backlog=177, deficit=1492, skip=false
  Queue state (Sparse), Length: 0, Size: 0, ScanIndex: 0
  Queue state (Bulk), Length: 380, Size: 47949, ScanIndex: 0
LFQ state dump (reason: late send for packet &{Seqno:7296 Timestamp:5472000 Size:50 Hash:1}
):
  Bucket 0: backlog=202, deficit=1184, skip=false
  Bucket 1: backlog=173, deficit=1450, skip=false
  Queue state (Sparse), Length: 0, Size: 0, ScanIndex: 0
  Queue state (Bulk), Length: 375, Size: 47745, ScanIndex: 0
LFQ state dump (reason: late send for packet &{Seqno:7354 Timestamp:5515500 Size:59 Hash:1}
):
  Bucket 0: backlog=204, deficit=1306, skip=false
  Bucket 1: backlog=164, deficit=1468, skip=false
  Queue state (Sparse), Length: 0, Size: 0, ScanIndex: 0
  Queue state (Bulk), Length: 368, Size: 47856, ScanIndex: 0
LFQ state dump (reason: late send for packet &{Seqno:7402 Timestamp:5551500 Size:49 Hash:1}
):
  Bucket 0: backlog=200, deficit=762, skip=false
  Bucket 1: backlog=166, deficit=1488, skip=false
  Queue state (Sparse), Length: 0, Size: 0, ScanIndex: 0
  Queue state (Bulk), Length: 366, Size: 47895, ScanIndex: 0
LFQ state dump (reason: late send for packet &{Seqno:7451 Timestamp:5588250 Size:48 Hash:1}
):
  Bucket 0: backlog=198, deficit=1444, skip=false
  Bucket 1: backlog=163, deficit=1455, skip=false
  Queue state (Sparse), Length: 0, Size: 0, ScanIndex: 0
  Queue state (Bulk), Length: 361, Size: 47898, ScanIndex: 0
LFQ state dump (reason: late send for packet &{Seqno:7512 Timestamp:5634000 Size:42 Hash:1}
):
  Bucket 0: backlog=197, deficit=1427, skip=true
  Bucket 1: backlog=166, deficit=1469, skip=false
  Queue state (Sparse), Length: 0, Size: 0, ScanIndex: 0
  Queue state (Bulk), Length: 363, Size: 47918, ScanIndex: 0
LFQ state dump (reason: late send for packet &{Seqno:7556 Timestamp:5667000 Size:56 Hash:1}
):
  Bucket 0: backlog=196, deficit=958, skip=false
  Bucket 1: backlog=163, deficit=1461, skip=false
  Queue state (Sparse), Length: 0, Size: 0, ScanIndex: 0
  Queue state (Bulk), Length: 359, Size: 47565, ScanIndex: 0
LFQ state dump (reason: late send for packet &{Seqno:7615 Timestamp:5711250 Size:55 Hash:1}
):
  Bucket 0: backlog=203, deficit=1480, skip=false
  Bucket 1: backlog=150, deficit=1475, skip=false
  Queue state (Sparse), Length: 0, Size: 0, ScanIndex: 0
  Queue state (Bulk), Length: 353, Size: 47985, ScanIndex: 0
LFQ state dump (reason: late send for packet &{Seqno:7712 Timestamp:5784000 Size:59 Hash:1}
):
  Bucket 0: backlog=198, deficit=742, skip=false
  Bucket 1: backlog=155, deficit=1494, skip=false
  Queue state (Sparse), Length: 0, Size: 0, ScanIndex: 0
  Queue state (Bulk), Length: 353, Size: 47703, ScanIndex: 0
LFQ state dump (reason: late send for packet &{Seqno:7751 Timestamp:5813250 Size:48 Hash:1}
):
  Bucket 0: backlog=199, deficit=1207, skip=false
  Bucket 1: backlog=160, deficit=1457, skip=false
  Queue state (Sparse), Length: 0, Size: 0, ScanIndex: 0
  Queue state (Bulk), Length: 359, Size: 47974, ScanIndex: 0
LFQ state dump (reason: late send for packet &{Seqno:7799 Timestamp:5849250 Size:53 Hash:1}
):
  Bucket 0: backlog=199, deficit=1344, skip=false
  Bucket 1: backlog=160, deficit=1456, skip=false
  Queue state (Sparse), Length: 0, Size: 0, ScanIndex: 0
  Queue state (Bulk), Length: 359, Size: 47834, ScanIndex: 0
LFQ state dump (reason: late send for packet &{Seqno:7861 Timestamp:5895750 Size:58 Hash:1}
):
  Bucket 0: backlog=201, deficit=1406, skip=true
  Bucket 1: backlog=166, deficit=1457, skip=false
  Queue state (Sparse), Length: 0, Size: 0, ScanIndex: 0
  Queue state (Bulk), Length: 367, Size: 47975, ScanIndex: 1
LFQ state dump (reason: late send for packet &{Seqno:7900 Timestamp:5925000 Size:46 Hash:1}
):
  Bucket 0: backlog=201, deficit=1406, skip=false
  Bucket 1: backlog=161, deficit=1461, skip=false
  Queue state (Sparse), Length: 0, Size: 0, ScanIndex: 0
  Queue state (Bulk), Length: 362, Size: 47853, ScanIndex: 0
LFQ state dump (reason: late send for packet &{Seqno:7957 Timestamp:5967750 Size:46 Hash:1}
):
  Bucket 0: backlog=199, deficit=1371, skip=true
  Bucket 1: backlog=171, deficit=1453, skip=false
  Queue state (Sparse), Length: 0, Size: 0, ScanIndex: 0
  Queue state (Bulk), Length: 370, Size: 47991, ScanIndex: 1
LFQ state dump (reason: late send for packet &{Seqno:8001 Timestamp:6000750 Size:57 Hash:1}
):
  Bucket 0: backlog=199, deficit=1047, skip=false
  Bucket 1: backlog=165, deficit=1459, skip=false
  Queue state (Sparse), Length: 0, Size: 0, ScanIndex: 0
  Queue state (Bulk), Length: 364, Size: 47857, ScanIndex: 0
LFQ state dump (reason: late send for packet &{Seqno:8045 Timestamp:6033750 Size:49 Hash:1}
):
  Bucket 0: backlog=197, deficit=1153, skip=false
  Bucket 1: backlog=170, deficit=1478, skip=false
  Queue state (Sparse), Length: 0, Size: 0, ScanIndex: 0
  Queue state (Bulk), Length: 367, Size: 47744, ScanIndex: 0
LFQ state dump (reason: late send for packet &{Seqno:8092 Timestamp:6069000 Size:55 Hash:1}
):
  Bucket 0: backlog=195, deficit=1418, skip=false
  Bucket 1: backlog=174, deficit=1461, skip=false
  Queue state (Sparse), Length: 0, Size: 0, ScanIndex: 0
  Queue state (Bulk), Length: 369, Size: 47823, ScanIndex: 0
LFQ state dump (reason: late send for packet &{Seqno:8139 Timestamp:6104250 Size:59 Hash:1}
):
  Bucket 0: backlog=192, deficit=767, skip=false
  Bucket 1: backlog=181, deficit=1499, skip=false
  Queue state (Sparse), Length: 0, Size: 0, ScanIndex: 0
  Queue state (Bulk), Length: 373, Size: 47709, ScanIndex: 0
LFQ state dump (reason: late send for packet &{Seqno:8199 Timestamp:6149250 Size:45 Hash:1}
):
  Bucket 0: backlog=195, deficit=1072, skip=false
  Bucket 1: backlog=168, deficit=1458, skip=false
  Queue state (Sparse), Length: 0, Size: 0, ScanIndex: 0
  Queue state (Bulk), Length: 363, Size: 47805, ScanIndex: 0
LFQ state dump (reason: late send for packet &{Seqno:8261 Timestamp:6195750 Size:42 Hash:1}
):
  Bucket 0: backlog=199, deficit=569, skip=false
  Bucket 1: backlog=158, deficit=1496, skip=false
  Queue state (Sparse), Length: 0, Size: 0, ScanIndex: 0
  Queue state (Bulk), Length: 357, Size: 47972, ScanIndex: 0
LFQ state dump (reason: late send for packet &{Seqno:8309 Timestamp:6231750 Size:49 Hash:1}
):
  Bucket 0: backlog=201, deficit=1477, skip=false
  Bucket 1: backlog=155, deficit=1457, skip=false
  Queue state (Sparse), Length: 0, Size: 0, ScanIndex: 0
  Queue state (Bulk), Length: 356, Size: 47968, ScanIndex: 0
LFQ state dump (reason: late send for packet &{Seqno:8360 Timestamp:6270000 Size:43 Hash:1}
):
  Bucket 0: backlog=196, deficit=394, skip=false
  Bucket 1: backlog=164, deficit=1481, skip=false
  Queue state (Sparse), Length: 0, Size: 0, ScanIndex: 0
  Queue state (Bulk), Length: 360, Size: 47786, ScanIndex: 0
LFQ state dump (reason: late send for packet &{Seqno:8394 Timestamp:6295500 Size:59 Hash:1}
):
  Bucket 0: backlog=197, deficit=1292, skip=false
  Bucket 1: backlog=166, deficit=1487, skip=false
  Queue state (Sparse), Length: 0, Size: 0, ScanIndex: 0
  Queue state (Bulk), Length: 363, Size: 47968, ScanIndex: 0
LFQ state dump (reason: late send for packet &{Seqno:8442 Timestamp:6331500 Size:56 Hash:1}
):
  Bucket 0: backlog=196, deficit=1426, skip=false
  Bucket 1: backlog=168, deficit=1460, skip=false
  Queue state (Sparse), Length: 0, Size: 0, ScanIndex: 0
  Queue state (Bulk), Length: 364, Size: 47881, ScanIndex: 0
LFQ state dump (reason: late send for packet &{Seqno:8490 Timestamp:6367500 Size:52 Hash:1}
):
  Bucket 0: backlog=194, deficit=1080, skip=false
  Bucket 1: backlog=172, deficit=1455, skip=false
  Queue state (Sparse), Length: 0, Size: 0, ScanIndex: 0
  Queue state (Bulk), Length: 366, Size: 47906, ScanIndex: 0
LFQ state dump (reason: late send for packet &{Seqno:8548 Timestamp:6411000 Size:53 Hash:1}
):
  Bucket 0: backlog=193, deficit=774, skip=false
  Bucket 1: backlog=171, deficit=1478, skip=false
  Queue state (Sparse), Length: 0, Size: 0, ScanIndex: 0
  Queue state (Bulk), Length: 364, Size: 47659, ScanIndex: 0
LFQ state dump (reason: late send for packet &{Seqno:8586 Timestamp:6439500 Size:60 Hash:1}
):
  Bucket 0: backlog=195, deficit=1376, skip=false
  Bucket 1: backlog=170, deficit=1449, skip=false
  Queue state (Sparse), Length: 0, Size: 0, ScanIndex: 0
  Queue state (Bulk), Length: 365, Size: 47898, ScanIndex: 0
LFQ state dump (reason: late send for packet &{Seqno:8642 Timestamp:6481500 Size:57 Hash:1}
):
  Bucket 0: backlog=197, deficit=1326, skip=false
  Bucket 1: backlog=169, deficit=1493, skip=false
  Queue state (Sparse), Length: 0, Size: 0, ScanIndex: 0
  Queue state (Bulk), Length: 366, Size: 47901, ScanIndex: 0
LFQ state dump (reason: late send for packet &{Seqno:8707 Timestamp:6530250 Size:41 Hash:1}
):
  Bucket 0: backlog=200, deficit=1278, skip=false
  Bucket 1: backlog=158, deficit=1488, skip=false
  Queue state (Sparse), Length: 0, Size: 0, ScanIndex: 0
  Queue state (Bulk), Length: 358, Size: 47999, ScanIndex: 0
LFQ state dump (reason: late send for packet &{Seqno:8769 Timestamp:6576750 Size:59 Hash:1}
):
  Bucket 0: backlog=204, deficit=1010, skip=false
  Bucket 1: backlog=147, deficit=1487, skip=false
  Queue state (Sparse), Length: 0, Size: 0, ScanIndex: 0
  Queue state (Bulk), Length: 351, Size: 47974, ScanIndex: 0
LFQ state dump (reason: late send for packet &{Seqno:8818 Timestamp:6613500 Size:54 Hash:1}
):
  Bucket 0: backlog=204, deficit=793, skip=false
  Bucket 1: backlog=148, deficit=1480, skip=false
  Queue state (Sparse), Length: 0, Size: 0, ScanIndex: 0
  Queue state (Bulk), Length: 352, Size: 47979, ScanIndex: 0
LFQ state dump (reason: late send for packet &{Seqno:8872 Timestamp:6654000 Size:50 Hash:1}
):
  Bucket 0: backlog=205, deficit=1477, skip=true
  Bucket 1: backlog=152, deficit=1487, skip=false
  Queue state (Sparse), Length: 0, Size: 0, ScanIndex: 0
  Queue state (Bulk), Length: 357, Size: 47872, ScanIndex: 1
LFQ state dump (reason: late send for packet &{Seqno:8907 Timestamp:6680250 Size:53 Hash:1}
):
  Bucket 0: backlog=203, deficit=1302, skip=false
  Bucket 1: backlog=151, deficit=1479, skip=false
  Queue state (Sparse), Length: 0, Size: 0, ScanIndex: 0
  Queue state (Bulk), Length: 354, Size: 47981, ScanIndex: 0
LFQ state dump (reason: late send for packet &{Seqno:8953 Timestamp:6714750 Size:54 Hash:1}
):
  Bucket 0: backlog=199, deficit=1346, skip=false
  Bucket 1: backlog=155, deficit=1492, skip=false
  Queue state (Sparse), Length: 0, Size: 0, ScanIndex: 0
  Queue state (Bulk), Length: 354, Size: 47910, ScanIndex: 0
LFQ state dump (reason: late send for packet &{Seqno:9009 Timestamp:6756750 Size:50 Hash:1}
):
  Bucket 0: backlog=200, deficit=1479, skip=false
  Bucket 1: backlog=150, deficit=1465, skip=false
  Queue state (Sparse), Length: 0, Size: 0, ScanIndex: 0
  Queue state (Bulk), Length: 350, Size: 47965, ScanIndex: 0
LFQ state dump (reason: late send for packet &{Seqno:9048 Timestamp:6786000 Size:48 Hash:1}
):
  Bucket 0: backlog=196, deficit=868, skip=false
  Bucket 1: backlog=166, deficit=1498, skip=false
  Queue state (Sparse), Length: 0, Size: 0, ScanIndex: 0
  Queue state (Bulk), Length: 362, Size: 47925, ScanIndex: 0
LFQ state dump (reason: late send for packet &{Seqno:9095 Timestamp:6821250 Size:60 Hash:1}
):
  Bucket 0: backlog=197, deficit=998, skip=false
  Bucket 1: backlog=167, deficit=1477, skip=false
  Queue state (Sparse), Length: 0, Size: 0, ScanIndex: 0
  Queue state (Bulk), Length: 364, Size: 47785, ScanIndex: 0
LFQ state dump (reason: late send for packet &{Seqno:9142 Timestamp:6856500 Size:43 Hash:1}
):
  Bucket 0: backlog=197, deficit=1242, skip=false
  Bucket 1: backlog=166, deficit=1478, skip=false
  Queue state (Sparse), Length: 0, Size: 0, ScanIndex: 0
  Queue state (Bulk), Length: 363, Size: 47873, ScanIndex: 0
LFQ state dump (reason: late send for packet &{Seqno:9202 Timestamp:6901500 Size:54 Hash:1}
):
  Bucket 0: backlog=200, deficit=1435, skip=false
  Bucket 1: backlog=156, deficit=1467, skip=false
  Queue state (Sparse), Length: 0, Size: 0, ScanIndex: 0
  Queue state (Bulk), Length: 356, Size: 47977, ScanIndex: 0
LFQ state dump (reason: late send for packet &{Seqno:9262 Timestamp:6946500 Size:60 Hash:1}
):
  Bucket 0: backlog=199, deficit=1002, skip=false
  Bucket 1: backlog=155, deficit=1445, skip=false
  Queue state (Sparse), Length: 0, Size: 0, ScanIndex: 0
  Queue state (Bulk), Length: 354, Size: 47941, ScanIndex: 0
LFQ state dump (reason: late send for packet &{Seqno:9301 Timestamp:6975750 Size:50 Hash:1}
):
  Bucket 0: backlog=199, deficit=1437, skip=false
  Bucket 1: backlog=157, deficit=1468, skip=false
  Queue state (Sparse), Length: 0, Size: 0, ScanIndex: 0
  Queue state (Bulk), Length: 356, Size: 47812, ScanIndex: 0
LFQ state dump (reason: late send for packet &{Seqno:9341 Timestamp:7005750 Size:49 Hash:1}
):
  Bucket 0: backlog=197, deficit=1286, skip=false
  Bucket 1: backlog=167, deficit=1462, skip=false
  Queue state (Sparse), Length: 0, Size: 0, ScanIndex: 0
  Queue state (Bulk), Length: 364, Size: 47795, ScanIndex: 0
LFQ state dump (reason: late send for packet &{Seqno:9390 Timestamp:7042500 Size:42 Hash:1}
):
  Bucket 0: backlog=194, deficit=1092, skip=false
  Bucket 1: backlog=172, deficit=1447, skip=false
  Queue state (Sparse), Length: 0, Size: 0, ScanIndex: 0
  Queue state (Bulk), Length: 366, Size: 47893, ScanIndex: 0
LFQ state dump (reason: late send for packet &{Seqno:9449 Timestamp:7086750 Size:52 Hash:1}
):
  Bucket 0: backlog=198, deficit=868, skip=false
  Bucket 1: backlog=164, deficit=1486, skip=false
  Queue state (Sparse), Length: 0, Size: 0, ScanIndex: 0
  Queue state (Bulk), Length: 362, Size: 47963, ScanIndex: 0
LFQ state dump (reason: late send for packet &{Seqno:9503 Timestamp:7127250 Size:51 Hash:1}
):
  Bucket 0: backlog=201, deficit=1057, skip=false
  Bucket 1: backlog=161, deficit=1498, skip=false
  Queue state (Sparse), Length: 0, Size: 0, ScanIndex: 0
  Queue state (Bulk), Length: 362, Size: 47858, ScanIndex: 0
LFQ state dump (reason: late send for packet &{Seqno:9546 Timestamp:7159500 Size:60 Hash:1}
):
  Bucket 0: backlog=198, deficit=1154, skip=false
  Bucket 1: backlog=168, deficit=1498, skip=false
  Queue state (Sparse), Length: 0, Size: 0, ScanIndex: 0
  Queue state (Bulk), Length: 366, Size: 47860, ScanIndex: 0
LFQ state dump (reason: late send for packet &{Seqno:9596 Timestamp:7197000 Size:41 Hash:1}
):
  Bucket 0: backlog=200, deficit=1470, skip=false
  Bucket 1: backlog=160, deficit=1487, skip=false
  Queue state (Sparse), Length: 0, Size: 0, ScanIndex: 0
  Queue state (Bulk), Length: 360, Size: 47892, ScanIndex: 0
LFQ state dump (reason: late send for packet &{Seqno:9642 Timestamp:7231500 Size:54 Hash:1}
):
  Bucket 0: backlog=197, deficit=1031, skip=false
  Bucket 1: backlog=168, deficit=1461, skip=false
  Queue state (Sparse), Length: 0, Size: 0, ScanIndex: 0
  Queue state (Bulk), Length: 365, Size: 47739, ScanIndex: 0
LFQ state dump (reason: late send for packet &{Seqno:9684 Timestamp:7263000 Size:48 Hash:1}
):
  Bucket 0: backlog=195, deficit=1100, skip=false
  Bucket 1: backlog=177, deficit=1498, skip=false
  Queue state (Sparse), Length: 0, Size: 0, ScanIndex: 0
  Queue state (Bulk), Length: 372, Size: 47988, ScanIndex: 0
LFQ state dump (reason: late send for packet &{Seqno:9732 Timestamp:7299000 Size:50 Hash:1}
):
  Bucket 0: backlog=195, deficit=1355, skip=false
  Bucket 1: backlog=176, deficit=1474, skip=false
  Queue state (Sparse), Length: 0, Size: 0, ScanIndex: 0
  Queue state (Bulk), Length: 371, Size: 47941, ScanIndex: 0
LFQ state dump (reason: late send for packet &{Seqno:9788 Timestamp:7341000 Size:53 Hash:1}
):
  Bucket 0: backlog=196, deficit=1355, skip=false
  Bucket 1: backlog=170, deficit=1498, skip=false
  Queue state (Sparse), Length: 0, Size: 0, ScanIndex: 0
  Queue state (Bulk), Length: 366, Size: 47851, ScanIndex: 0
LFQ state dump (reason: late send for packet &{Seqno:9847 Timestamp:7385250 Size:44 Hash:1}
):
  Bucket 0: backlog=196, deficit=1274, skip=false
  Bucket 1: backlog=164, deficit=1451, skip=false
  Queue state (Sparse), Length: 0, Size: 0, ScanIndex: 0
  Queue state (Bulk), Length: 360, Size: 47995, ScanIndex: 0
LFQ state dump (reason: late send for packet &{Seqno:9902 Timestamp:7426500 Size:55 Hash:1}
):
  Bucket 0: backlog=195, deficit=1192, skip=false
  Bucket 1: backlog=163, deficit=1473, skip=false
  Queue state (Sparse), Length: 0, Size: 0, ScanIndex: 0
  Queue state (Bulk), Length: 358, Size: 47863, ScanIndex: 0
LFQ state dump (reason: late send for packet &{Seqno:9947 Timestamp:7460250 Size:43 Hash:1}
):
  Bucket 0: backlog=194, deficit=1308, skip=true
  Bucket 1: backlog=181, deficit=1471, skip=false
  Queue state (Sparse), Length: 0, Size: 0, ScanIndex: 0
  Queue state (Bulk), Length: 375, Size: 47932, ScanIndex: 1
LFQ state dump (reason: late send for packet &{Seqno:9996 Timestamp:7497000 Size:44 Hash:1}
):
  Bucket 0: backlog=196, deficit=670, skip=false
  Bucket 1: backlog=177, deficit=1459, skip=false
  Queue state (Sparse), Length: 0, Size: 0, ScanIndex: 0
  Queue state (Bulk), Length: 373, Size: 47884, ScanIndex: 0
LFQ state dump (reason: late send for packet &{Seqno:10032 Timestamp:7524000 Size:44 Hash:1}
):
  Bucket 0: backlog=197, deficit=1342, skip=false
  Bucket 1: backlog=179, deficit=1494, skip=false
  Queue state (Sparse), Length: 0, Size: 0, ScanIndex: 0
  Queue state (Bulk), Length: 376, Size: 47820, ScanIndex: 0
LFQ state dump (reason: late send for packet &{Seqno:10086 Timestamp:7564500 Size:50 Hash:1}
):
  Bucket 0: backlog=195, deficit=983, skip=false
  Bucket 1: backlog=182, deficit=1476, skip=false
  Queue state (Sparse), Length: 0, Size: 0, ScanIndex: 0
  Queue state (Bulk), Length: 377, Size: 47907, ScanIndex: 0
LFQ state dump (reason: late send for packet &{Seqno:10146 Timestamp:7609500 Size:60 Hash:1}
):
  Bucket 0: backlog=195, deficit=369, skip=false
  Bucket 1: backlog=175, deficit=1496, skip=false
  Queue state (Sparse), Length: 0, Size: 0, ScanIndex: 0
  Queue state (Bulk), Length: 370, Size: 47888, ScanIndex: 0
LFQ state dump (reason: late send for packet &{Seqno:10191 Timestamp:7643250 Size:46 Hash:1}
):
  Bucket 0: backlog=196, deficit=1460, skip=false
  Bucket 1: backlog=172, deficit=1458, skip=false
  Queue state (Sparse), Length: 0, Size: 0, ScanIndex: 0
  Queue state (Bulk), Length: 368, Size: 47996, ScanIndex: 0
LFQ state dump (reason: late send for packet &{Seqno:10247 Timestamp:7685250 Size:47 Hash:1}
):
  Bucket 0: backlog=198, deficit=1458, skip=false
  Bucket 1: backlog=164, deficit=1462, skip=false
  Queue state (Sparse), Length: 0, Size: 0, ScanIndex: 0
  Queue state (Bulk), Length: 362, Size: 47968, ScanIndex: 0
LFQ state dump (reason: late send for packet &{Seqno:10304 Timestamp:7728000 Size:55 Hash:1}
):
  Bucket 0: backlog=198, deficit=1149, skip=false
  Bucket 1: backlog=162, deficit=1461, skip=false
  Queue state (Sparse), Length: 0, Size: 0, ScanIndex: 0
  Queue state (Bulk), Length: 360, Size: 47941, ScanIndex: 0
LFQ state dump (reason: late send for packet &{Seqno:10362 Timestamp:7771500 Size:50 Hash:1}
):
  Bucket 0: backlog=201, deficit=1181, skip=false
  Bucket 1: backlog=151, deficit=1472, skip=false
  Queue state (Sparse), Length: 0, Size: 0, ScanIndex: 0
  Queue state (Bulk), Length: 352, Size: 47942, ScanIndex: 0
LFQ state dump (reason: late send for packet &{Seqno:10415 Timestamp:7811250 Size:47 Hash:1}
):
  Bucket 0: backlog=201, deficit=1385, skip=false
  Bucket 1: backlog=151, deficit=1479, skip=false
  Queue state (Sparse), Length: 0, Size: 0, ScanIndex: 0
  Queue state (Bulk), Length: 352, Size: 47906, ScanIndex: 0
LFQ state dump (reason: late send for packet &{Seqno:10465 Timestamp:7848750 Size:52 Hash:1}
):
  Bucket 0: backlog=198, deficit=829, skip=false
  Bucket 1: backlog=151, deficit=1457, skip=false
  Queue state (Sparse), Length: 0, Size: 0, ScanIndex: 0
  Queue state (Bulk), Length: 349, Size: 47622, ScanIndex: 0
LFQ state dump (reason: late send for packet &{Seqno:10506 Timestamp:7879500 Size:59 Hash:1}
):
  Bucket 0: backlog=199, deficit=1360, skip=false
  Bucket 1: backlog=152, deficit=1479, skip=false
  Queue state (Sparse), Length: 0, Size: 0, ScanIndex: 0
  Queue state (Bulk), Length: 351, Size: 47888, ScanIndex: 0
LFQ state dump (reason: late send for packet &{Seqno:10560 Timestamp:7920000 Size:44 Hash:1}
):
  Bucket 0: backlog=198, deficit=1303, skip=false
  Bucket 1: backlog=150, deficit=1463, skip=false
  Queue state (Sparse), Length: 0, Size: 0, ScanIndex: 0
  Queue state (Bulk), Length: 348, Size: 47874, ScanIndex: 0
LFQ state dump (reason: late send for packet &{Seqno:10601 Timestamp:7950750 Size:58 Hash:1}
):
  Bucket 0: backlog=199, deficit=1281, skip=false
  Bucket 1: backlog=159, deficit=1475, skip=false
  Queue state (Sparse), Length: 0, Size: 0, ScanIndex: 0
  Queue state (Bulk), Length: 358, Size: 47868, ScanIndex: 0
LFQ state dump (reason: late send for packet &{Seqno:10655 Timestamp:7991250 Size:54 Hash:1}
):
  Bucket 0: backlog=199, deficit=778, skip=false
  Bucket 1: backlog=164, deficit=1476, skip=false
  Queue state (Sparse), Length: 0, Size: 0, ScanIndex: 0
  Queue state (Bulk), Length: 363, Size: 47981, ScanIndex: 0
LFQ state dump (reason: late send for packet &{Seqno:10705 Timestamp:8028750 Size:59 Hash:1}
):
  Bucket 0: backlog=203, deficit=1394, skip=false
  Bucket 1: backlog=159, deficit=1477, skip=false
  Queue state (Sparse), Length: 0, Size: 0, ScanIndex: 0
  Queue state (Bulk), Length: 362, Size: 47928, ScanIndex: 0
LFQ state dump (reason: late send for packet &{Seqno:10759 Timestamp:8069250 Size:43 Hash:1}
):
  Bucket 0: backlog=202, deficit=838, skip=false
  Bucket 1: backlog=161, deficit=1463, skip=false
  Queue state (Sparse), Length: 0, Size: 0, ScanIndex: 0
  Queue state (Bulk), Length: 363, Size: 47905, ScanIndex: 0
LFQ state dump (reason: late send for packet &{Seqno:10793 Timestamp:8094750 Size:57 Hash:1}
):
  Bucket 0: backlog=200, deficit=1281, skip=false
  Bucket 1: backlog=171, deficit=1472, skip=false
  Queue state (Sparse), Length: 0, Size: 0, ScanIndex: 0
  Queue state (Bulk), Length: 371, Size: 47865, ScanIndex: 0
LFQ state dump (reason: late send for packet &{Seqno:10842 Timestamp:8131500 Size:42 Hash:1}
):
  Bucket 0: backlog=196, deficit=1447, skip=false
  Bucket 1: backlog=175, deficit=1454, skip=false
  Queue state (Sparse), Length: 0, Size: 0, ScanIndex: 0
  Queue state (Bulk), Length: 371, Size: 47919, ScanIndex: 0
LFQ state dump (reason: late send for packet &{Seqno:10889 Timestamp:8166750 Size:41 Hash:1}
):
  Bucket 0: backlog=192, deficit=952, skip=false
  Bucket 1: backlog=182, deficit=1478, skip=false
  Queue state (Sparse), Length: 0, Size: 0, ScanIndex: 0
  Queue state (Bulk), Length: 374, Size: 47631, ScanIndex: 0
LFQ state dump (reason: late send for packet &{Seqno:10964 Timestamp:8223000 Size:49 Hash:1}
):
  Bucket 0: backlog=197, deficit=860, skip=false
  Bucket 1: backlog=162, deficit=1485, skip=false
  Queue state (Sparse), Length: 0, Size: 0, ScanIndex: 0
  Queue state (Bulk), Length: 359, Size: 47975, ScanIndex: 0
LFQ state dump (reason: late send for packet &{Seqno:11012 Timestamp:8259000 Size:45 Hash:1}
):
  Bucket 0: backlog=199, deficit=1327, skip=false
  Bucket 1: backlog=155, deficit=1492, skip=false
  Queue state (Sparse), Length: 0, Size: 0, ScanIndex: 0
  Queue state (Bulk), Length: 354, Size: 47920, ScanIndex: 0
LFQ state dump (reason: late send for packet &{Seqno:11063 Timestamp:8297250 Size:52 Hash:1}
):
  Bucket 0: backlog=200, deficit=1177, skip=false
  Bucket 1: backlog=156, deficit=1492, skip=false
  Queue state (Sparse), Length: 0, Size: 0, ScanIndex: 0
  Queue state (Bulk), Length: 356, Size: 47871, ScanIndex: 0
LFQ state dump (reason: late send for packet &{Seqno:11105 Timestamp:8328750 Size:54 Hash:1}
):
  Bucket 0: backlog=197, deficit=798, skip=false
  Bucket 1: backlog=165, deficit=1482, skip=false
  Queue state (Sparse), Length: 0, Size: 0, ScanIndex: 0
  Queue state (Bulk), Length: 362, Size: 47692, ScanIndex: 0
LFQ state dump (reason: late send for packet &{Seqno:11156 Timestamp:8367000 Size:40 Hash:1}
):
  Bucket 0: backlog=197, deficit=635, skip=false
  Bucket 1: backlog=167, deficit=1489, skip=false
  Queue state (Sparse), Length: 0, Size: 0, ScanIndex: 0
  Queue state (Bulk), Length: 364, Size: 47820, ScanIndex: 0
LFQ state dump (reason: late send for packet &{Seqno:11209 Timestamp:8406750 Size:53 Hash:1}
):
  Bucket 0: backlog=198, deficit=1102, skip=false
  Bucket 1: backlog=162, deficit=1452, skip=false
  Queue state (Sparse), Length: 0, Size: 0, ScanIndex: 0
  Queue state (Bulk), Length: 360, Size: 47917, ScanIndex: 0
LFQ state dump (reason: late send for packet &{Seqno:11252 Timestamp:8439000 Size:46 Hash:1}
):
  Bucket 0: backlog=195, deficit=1436, skip=false
  Bucket 1: backlog=166, deficit=1449, skip=false
  Queue state (Sparse), Length: 0, Size: 0, ScanIndex: 0
  Queue state (Bulk), Length: 361, Size: 47997, ScanIndex: 0
LFQ state dump (reason: late send for packet &{Seqno:11308 Timestamp:8481000 Size:50 Hash:1}
):
  Bucket 0: backlog=197, deficit=1295, skip=false
  Bucket 1: backlog=162, deficit=1497, skip=false
  Queue state (Sparse), Length: 0, Size: 0, ScanIndex: 0
  Queue state (Bulk), Length: 359, Size: 47875, ScanIndex: 0
LFQ state dump (reason: late send for packet &{Seqno:11360 Timestamp:8520000 Size:58 Hash:1}
):
  Bucket 0: backlog=198, deficit=592, skip=false
  Bucket 1: backlog=166, deficit=1448, skip=false
  Queue state (Sparse), Length: 0, Size: 0, ScanIndex: 0
  Queue state (Bulk), Length: 364, Size: 47829, ScanIndex: 0
LFQ state dump (reason: late send for packet &{Seqno:11406 Timestamp:8554500 Size:47 Hash:1}
):
  Bucket 0: backlog=199, deficit=1085, skip=false
  Bucket 1: backlog=161, deficit=1475, skip=false
  Queue state (Sparse), Length: 0, Size: 0, ScanIndex: 0
  Queue state (Bulk), Length: 360, Size: 47939, ScanIndex: 0
LFQ state dump (reason: late send for packet &{Seqno:11467 Timestamp:8600250 Size:50 Hash:1}
):
  Bucket 0: backlog=198, deficit=1431, skip=true
  Bucket 1: backlog=160, deficit=1448, skip=false
  Queue state (Sparse), Length: 0, Size: 0, ScanIndex: 0
  Queue state (Bulk), Length: 358, Size: 47609, ScanIndex: 4
LFQ state dump (reason: late send for packet &{Seqno:11514 Timestamp:8635500 Size:55 Hash:1}
):
  Bucket 0: backlog=198, deficit=45, skip=false
  Bucket 1: backlog=159, deficit=1499, skip=false
  Queue state (Sparse), Length: 0, Size: 0, ScanIndex: 0
  Queue state (Bulk), Length: 357, Size: 47786, ScanIndex: 0
LFQ state dump (reason: late send for packet &{Seqno:11553 Timestamp:8664750 Size:44 Hash:1}
):
  Bucket 0: backlog=197, deficit=850, skip=false
  Bucket 1: backlog=159, deficit=1483, skip=false
  Queue state (Sparse), Length: 0, Size: 0, ScanIndex: 0
  Queue state (Bulk), Length: 356, Size: 47603, ScanIndex: 0
LFQ state dump (reason: late send for packet &{Seqno:11605 Timestamp:8703750 Size:57 Hash:1}
):
  Bucket 0: backlog=201, deficit=1052, skip=false
  Bucket 1: backlog=161, deficit=1488, skip=false
  Queue state (Sparse), Length: 0, Size: 0, ScanIndex: 0
  Queue state (Bulk), Length: 362, Size: 47930, ScanIndex: 0
LFQ state dump (reason: late send for packet &{Seqno:11651 Timestamp:8738250 Size:48 Hash:1}
):
  Bucket 0: backlog=202, deficit=315, skip=false
  Bucket 1: backlog=165, deficit=1449, skip=false
  Queue state (Sparse), Length: 0, Size: 0, ScanIndex: 0
  Queue state (Bulk), Length: 367, Size: 47974, ScanIndex: 0
LFQ state dump (reason: late send for packet &{Seqno:11694 Timestamp:8770500 Size:49 Hash:1}
):
  Bucket 0: backlog=199, deficit=1205, skip=false
  Bucket 1: backlog=166, deficit=1477, skip=false
  Queue state (Sparse), Length: 0, Size: 0, ScanIndex: 0
  Queue state (Bulk), Length: 365, Size: 47851, ScanIndex: 0
LFQ state dump (reason: late send for packet &{Seqno:11741 Timestamp:8805750 Size:46 Hash:1}
):
  Bucket 0: backlog=196, deficit=1297, skip=false
  Bucket 1: backlog=173, deficit=1460, skip=false
  Queue state (Sparse), Length: 0, Size: 0, ScanIndex: 0
  Queue state (Bulk), Length: 369, Size: 47874, ScanIndex: 0
LFQ state dump (reason: late send for packet &{Seqno:11805 Timestamp:8853750 Size:57 Hash:1}
):
  Bucket 0: backlog=195, deficit=1407, skip=true
  Bucket 1: backlog=174, deficit=1461, skip=false
  Queue state (Sparse), Length: 0, Size: 0, ScanIndex: 0
  Queue state (Bulk), Length: 369, Size: 47884, ScanIndex: 2
LFQ state dump (reason: late send for packet &{Seqno:11839 Timestamp:8879250 Size:49 Hash:1}
):
  Bucket 0: backlog=196, deficit=1407, skip=false
  Bucket 1: backlog=170, deficit=1479, skip=false
  Queue state (Sparse), Length: 0, Size: 0, ScanIndex: 0
  Queue state (Bulk), Length: 366, Size: 47977, ScanIndex: 0
LFQ state dump (reason: late send for packet &{Seqno:11906 Timestamp:8929500 Size:55 Hash:1}
):
  Bucket 0: backlog=199, deficit=1347, skip=false
  Bucket 1: backlog=159, deficit=1491, skip=false
  Queue state (Sparse), Length: 0, Size: 0, ScanIndex: 0
  Queue state (Bulk), Length: 358, Size: 47785, ScanIndex: 0
LFQ state dump (reason: late send for packet &{Seqno:11956 Timestamp:8967000 Size:58 Hash:1}
):
  Bucket 0: backlog=200, deficit=1432, skip=false
  Bucket 1: backlog=155, deficit=1498, skip=false
  Queue state (Sparse), Length: 0, Size: 0, ScanIndex: 0
  Queue state (Bulk), Length: 355, Size: 47964, ScanIndex: 0
LFQ state dump (reason: late send for packet &{Seqno:12024 Timestamp:9018000 Size:44 Hash:1}
):
  Bucket 0: backlog=200, deficit=629, skip=false
  Bucket 1: backlog=151, deficit=1495, skip=false
  Queue state (Sparse), Length: 0, Size: 0, ScanIndex: 0
  Queue state (Bulk), Length: 351, Size: 47999, ScanIndex: 0
LFQ state dump (reason: late send for packet &{Seqno:12058 Timestamp:9043500 Size:58 Hash:1}
):
  Bucket 0: backlog=200, deficit=1415, skip=false
  Bucket 1: backlog=153, deficit=1499, skip=false
  Queue state (Sparse), Length: 0, Size: 0, ScanIndex: 0
  Queue state (Bulk), Length: 353, Size: 47859, ScanIndex: 0
LFQ state dump (reason: late send for packet &{Seqno:12113 Timestamp:9084750 Size:51 Hash:1}
):
  Bucket 0: backlog=202, deficit=1372, skip=false
  Bucket 1: backlog=150, deficit=1484, skip=false
  Queue state (Sparse), Length: 0, Size: 0, ScanIndex: 0
  Queue state (Bulk), Length: 352, Size: 47903, ScanIndex: 0
LFQ state dump (reason: late send for packet &{Seqno:12166 Timestamp:9124500 Size:51 Hash:1}
):
  Bucket 0: backlog=202, deficit=1176, skip=false
  Bucket 1: backlog=148, deficit=1482, skip=false
  Queue state (Sparse), Length: 0, Size: 0, ScanIndex: 0
  Queue state (Bulk), Length: 350, Size: 47850, ScanIndex: 0
LFQ state dump (reason: late send for packet &{Seqno:12220 Timestamp:9165000 Size:53 Hash:1}
):
  Bucket 0: backlog=200, deficit=1262, skip=false
  Bucket 1: backlog=144, deficit=1493, skip=false
  Queue state (Sparse), Length: 0, Size: 0, ScanIndex: 0
  Queue state (Bulk), Length: 344, Size: 47961, ScanIndex: 0
LFQ state dump (reason: late send for packet &{Seqno:12269 Timestamp:9201750 Size:59 Hash:1}
):
  Bucket 0: backlog=197, deficit=1344, skip=true
  Bucket 1: backlog=157, deficit=1484, skip=false
  Queue state (Sparse), Length: 0, Size: 0, ScanIndex: 0
  Queue state (Bulk), Length: 354, Size: 47940, ScanIndex: 1
LFQ state dump (reason: late send for packet &{Seqno:12316 Timestamp:9237000 Size:52 Hash:1}
):
  Bucket 0: backlog=198, deficit=285, skip=false
  Bucket 1: backlog=159, deficit=1471, skip=false
  Queue state (Sparse), Length: 0, Size: 0, ScanIndex: 0
  Queue state (Bulk), Length: 357, Size: 47901, ScanIndex: 0
LFQ state dump (reason: late send for packet &{Seqno:12359 Timestamp:9269250 Size:41 Hash:1}
):
  Bucket 0: backlog=201, deficit=1423, skip=false
  Bucket 1: backlog=155, deficit=1468, skip=false
  Queue state (Sparse), Length: 0, Size: 0, ScanIndex: 0
  Queue state (Bulk), Length: 356, Size: 47781, ScanIndex: 0
LFQ state dump (reason: late send for packet &{Seqno:12404 Timestamp:9303000 Size:42 Hash:1}
):
  Bucket 0: backlog=202, deficit=1280, skip=false
  Bucket 1: backlog=158, deficit=1468, skip=false
  Queue state (Sparse), Length: 0, Size: 0, ScanIndex: 0
  Queue state (Bulk), Length: 360, Size: 47865, ScanIndex: 0
LFQ state dump (reason: late send for packet &{Seqno:12455 Timestamp:9341250 Size:51 Hash:1}
):
  Bucket 0: backlog=200, deficit=803, skip=false
  Bucket 1: backlog=165, deficit=1472, skip=false
  Queue state (Sparse), Length: 0, Size: 0, ScanIndex: 0
  Queue state (Bulk), Length: 365, Size: 47903, ScanIndex: 0
LFQ state dump (reason: late send for packet &{Seqno:12503 Timestamp:9377250 Size:50 Hash:1}
):
  Bucket 0: backlog=203, deficit=1304, skip=false
  Bucket 1: backlog=161, deficit=1494, skip=false
  Queue state (Sparse), Length: 0, Size: 0, ScanIndex: 0
  Queue state (Bulk), Length: 364, Size: 47965, ScanIndex: 0
LFQ state dump (reason: late send for packet &{Seqno:12550 Timestamp:9412500 Size:57 Hash:1}
):
  Bucket 0: backlog=199, deficit=1346, skip=false
  Bucket 1: backlog=168, deficit=1465, skip=false
  Queue state (Sparse), Length: 0, Size: 0, ScanIndex: 0
  Queue state (Bulk), Length: 367, Size: 47933, ScanIndex: 0
LFQ state dump (reason: late send for packet &{Seqno:12613 Timestamp:9459750 Size:48 Hash:1}
):
  Bucket 0: backlog=198, deficit=499, skip=false
  Bucket 1: backlog=163, deficit=1453, skip=false
  Queue state (Sparse), Length: 0, Size: 0, ScanIndex: 0
  Queue state (Bulk), Length: 361, Size: 47626, ScanIndex: 0
LFQ state dump (reason: late send for packet &{Seqno:12640 Timestamp:9480000 Size:58 Hash:1}
):
  Bucket 0: backlog=195, deficit=1138, skip=false
  Bucket 1: backlog=174, deficit=1484, skip=false
  Queue state (Sparse), Length: 0, Size: 0, ScanIndex: 0
  Queue state (Bulk), Length: 369, Size: 47863, ScanIndex: 0
LFQ state dump (reason: late send for packet &{Seqno:12687 Timestamp:9515250 Size:50 Hash:1}
):
  Bucket 0: backlog=193, deficit=1155, skip=false
  Bucket 1: backlog=179, deficit=1493, skip=false
  Queue state (Sparse), Length: 0, Size: 0, ScanIndex: 0
  Queue state (Bulk), Length: 372, Size: 47997, ScanIndex: 0
LFQ state dump (reason: late send for packet &{Seqno:12740 Timestamp:9555000 Size:46 Hash:1}
):
  Bucket 0: backlog=190, deficit=1277, skip=false
  Bucket 1: backlog=177, deficit=1481, skip=false
  Queue state (Sparse), Length: 0, Size: 0, ScanIndex: 0
  Queue state (Bulk), Length: 367, Size: 47824, ScanIndex: 0
LFQ state dump (reason: late send for packet &{Seqno:12803 Timestamp:9602250 Size:60 Hash:1}
):
  Bucket 0: backlog=194, deficit=1116, skip=false
  Bucket 1: backlog=166, deficit=1496, skip=false
  Queue state (Sparse), Length: 0, Size: 0, ScanIndex: 0
  Queue state (Bulk), Length: 360, Size: 47857, ScanIndex: 0
LFQ state dump (reason: late send for packet &{Seqno:12848 Timestamp:9636000 Size:58 Hash:1}
):
  Bucket 0: backlog=195, deficit=1372, skip=false
  Bucket 1: backlog=170, deficit=1494, skip=false
  Queue state (Sparse), Length: 0, Size: 0, ScanIndex: 0
  Queue state (Bulk), Length: 365, Size: 47978, ScanIndex: 0
LFQ state dump (reason: late send for packet &{Seqno:12889 Timestamp:9666750 Size:40 Hash:1}
):
  Bucket 0: backlog=196, deficit=1307, skip=false
  Bucket 1: backlog=175, deficit=1472, skip=false
  Queue state (Sparse), Length: 0, Size: 0, ScanIndex: 0
  Queue state (Bulk), Length: 371, Size: 47902, ScanIndex: 0
LFQ state dump (reason: late send for packet &{Seqno:12943 Timestamp:9707250 Size:44 Hash:1}
):
  Bucket 0: backlog=197, deficit=932, skip=false
  Bucket 1: backlog=177, deficit=1495, skip=false
  Queue state (Sparse), Length: 0, Size: 0, ScanIndex: 0
  Queue state (Bulk), Length: 374, Size: 47997, ScanIndex: 0
LFQ state dump (reason: late send for packet &{Seqno:12998 Timestamp:9748500 Size:60 Hash:1}
):
  Bucket 0: backlog=198, deficit=1434, skip=false
  Bucket 1: backlog=169, deficit=1493, skip=false
  Queue state (Sparse), Length: 0, Size: 0, ScanIndex: 0
  Queue state (Bulk), Length: 367, Size: 47896, ScanIndex: 0
LFQ state dump (reason: late send for packet &{Seqno:13063 Timestamp:9797250 Size:48 Hash:1}
):
  Bucket 0: backlog=198, deficit=597, skip=false
  Bucket 1: backlog=163, deficit=1463, skip=false
  Queue state (Sparse), Length: 0, Size: 0, ScanIndex: 0
  Queue state (Bulk), Length: 361, Size: 47947, ScanIndex: 0
LFQ state dump (reason: late send for packet &{Seqno:13113 Timestamp:9834750 Size:41 Hash:1}
):
  Bucket 0: backlog=201, deficit=857, skip=false
  Bucket 1: backlog=153, deficit=1473, skip=false
  Queue state (Sparse), Length: 0, Size: 0, ScanIndex: 0
  Queue state (Bulk), Length: 354, Size: 47928, ScanIndex: 0
LFQ state dump (reason: late send for packet &{Seqno:13158 Timestamp:9868500 Size:54 Hash:1}
):
  Bucket 0: backlog=200, deficit=917, skip=false
  Bucket 1: backlog=158, deficit=1441, skip=false
  Queue state (Sparse), Length: 0, Size: 0, ScanIndex: 0
  Queue state (Bulk), Length: 358, Size: 47833, ScanIndex: 0
{
    "FlowStats": [
        {
            "BytesSent": 400132,
            "Throughput": 40.0132,
            "MeanSojourn": 125838.0515,
            "Enqueues": 15573,
            "Drops": 13573,
            "DropsPercent": 87.15725935914725,
            "SparseSends": 1,
            "BulkSends": 1999,
            "TotalSends": 2000,
            "LateSends": 0,
            "LateSendsPercent": 0
        },
        {
            "BytesSent": 399262,
            "Throughput": 39.9262,
            "MeanSojourn": 119770.71875,
            "Enqueues": 13334,
            "Drops": 5334,
            "DropsPercent": 40.0029998500075,
            "SparseSends": 1,
            "BulkSends": 7999,
            "TotalSends": 8000,
            "LateSends": 257,
            "LateSendsPercent": 3.2125
        }
    ]
}
